
2009-10-05 19:47:56 Syscall 59:oldolduname denied
2009-10-05 19:47:56 Syscall 12:chdir denied
2009-10-05 19:47:56 Syscall 12:chdir denied
2009-10-05 19:47:56 Syscall 9:link denied
2009-10-05 19:47:56 Syscall 9:link denied
2009-10-05 19:47:56 Syscall 9:link denied
2009-10-05 19:47:56 Syscall 9:link denied
2009-10-05 19:47:56 Syscall 21:mount denied
2009-10-05 19:47:56 Syscall 21:mount denied
2009-10-05 19:47:56 Syscall 2:fork denied
2009-10-05 19:47:56 Syscall 2:fork denied
2009-10-05 19:47:56 Syscall 5:open denied
2009-10-05 19:47:56 Syscall 5:open denied
2009-10-05 19:47:56 Syscall 9:link denied
2009-10-05 19:47:56 Syscall 9:link denied
2009-10-05 19:47:56 Syscall 3:read denied
2009-10-05 19:47:56 Syscall 3:read denied
2009-10-05 19:47:56 Syscall 2:fork denied
2009-10-05 19:47:56 Syscall 2:fork denied
2009-10-05 19:47:56 Syscall 0:restart_syscall denied
2009-10-05 19:47:56 Syscall 0:restart_syscall denied
2009-10-05 19:47:56 Syscall 5:open denied
2009-10-05 19:47:56 Syscall 5:open denied
2009-10-05 19:47:56 Syscall 9:link denied
2009-10-05 19:47:56 Syscall 9:link denied
2009-10-05 19:47:56 Syscall 10:unlink denied
2009-10-05 19:47:56 Syscall 10:unlink denied
2009-10-05 19:47:56 Syscall 9:link denied
2009-10-05 19:47:56 Syscall 9:link denied
2009-10-05 19:47:56 Syscall 9:link denied
2009-10-05 19:47:56 Syscall 9:link denied
2009-10-05 19:47:56 Syscall 3:read denied
2009-10-05 19:47:56 Syscall 3:read denied
2009-10-05 19:47:56 Syscall 2:fork denied
2009-10-05 19:47:56 Syscall 2:fork denied
2009-10-05 19:47:56 Syscall 0:restart_syscall denied
2009-10-05 19:47:56 Syscall 0:restart_syscall denied
2009-10-05 19:47:56 Syscall 5:open denied
2009-10-05 19:47:56 Syscall 5:open denied
2009-10-05 19:47:56 Syscall 9:link denied
2009-10-05 19:47:56 Syscall 9:link denied
2009-10-05 19:47:56 Syscall 10:unlink denied
2009-10-05 19:47:56 Syscall 10:unlink denied
2009-10-05 19:47:56 Syscall 9:link denied
2009-10-05 19:47:56 Syscall 9:link denied
2009-10-05 19:47:56 Syscall 3:read denied
2009-10-05 19:47:56 Syscall 3:read denied
2009-10-05 19:47:56 Syscall 2:fork denied
2009-10-05 19:47:56 Syscall 2:fork denied
2009-10-05 19:47:56 Syscall 0:restart_syscall denied
2009-10-05 19:47:56 Syscall 0:restart_syscall denied
2009-10-05 19:47:56 Syscall 5:open denied
2009-10-05 19:47:56 Syscall 5:open denied
2009-10-05 19:47:56 Syscall 9:link denied
2009-10-05 19:47:56 Syscall 9:link denied
2009-10-05 19:47:56 Syscall 9:link denied
2009-10-05 19:47:56 Syscall 9:link denied
2009-10-05 19:47:56 Syscall 10:unlink denied
2009-10-05 19:47:56 Syscall 10:unlink denied
2009-10-05 19:47:56 Syscall 9:link denied
2009-10-05 19:47:56 Syscall 9:link denied
2009-10-05 19:47:56 Syscall 3:read denied
2009-10-05 19:47:56 Syscall 3:read denied
2009-10-05 19:47:56 Syscall 2:fork denied
2009-10-05 19:47:56 Syscall 2:fork denied
2009-10-05 19:47:56 Syscall 0:restart_syscall denied
2009-10-05 19:47:56 Syscall 0:restart_syscall denied
2009-10-05 19:47:56 Syscall 5:open denied
2009-10-05 19:47:56 Syscall 5:open denied
2009-10-05 19:47:56 Syscall 9:link denied
2009-10-05 19:47:56 Syscall 9:link denied
2009-10-05 19:47:56 Syscall 10:unlink denied
2009-10-05 19:47:56 Syscall 10:unlink denied
2009-10-05 19:47:56 Syscall 9:link denied
2009-10-05 19:47:56 Syscall 9:link denied
2009-10-05 19:47:56 Syscall 9:link denied
2009-10-05 19:47:56 Syscall 9:link denied
2009-10-05 19:47:56 Syscall 3:read denied
2009-10-05 19:47:56 Syscall 3:read denied
2009-10-05 19:47:56 Syscall 9:link denied
2009-10-05 19:47:56 Syscall 9:link denied
2009-10-05 19:47:56 Syscall 9:link denied
2009-10-05 19:47:56 Syscall 9:link denied
2009-10-05 19:47:56 Syscall 158:sched_yield denied
2009-10-05 19:47:56 Syscall 158:sched_yield denied
2009-10-05 19:47:56 Syscall 10:unlink denied
2009-10-05 19:47:56 Syscall 10:unlink denied
2009-10-05 19:47:56 Syscall 10:unlink denied
2009-10-05 19:47:56 Syscall 10:unlink denied
2009-10-05 19:47:56 Syscall 10:unlink denied
2009-10-05 19:47:56 Syscall 10:unlink denied
2009-10-05 19:47:56 Syscall 10:unlink denied
2009-10-05 19:47:56 Syscall 10:unlink denied
2009-10-05 19:47:56 Syscall 11:execve denied
2009-10-05 19:47:56 Syscall 11:execve denied
2009-10-05 19:47:56 Syscall 12:chdir denied
2009-10-05 19:47:56 Syscall 12:chdir denied
2009-10-05 19:47:56 Syscall 12:chdir denied
2009-10-05 19:47:56 Syscall 12:chdir denied
2009-10-05 19:47:56 Syscall 5:open denied
2009-10-05 19:47:56 Syscall 5:open denied
2009-10-05 19:47:56 Syscall 9:link denied
2009-10-05 19:47:56 Syscall 9:link denied
2009-10-05 19:47:56 Syscall 1:exit denied
2009-10-05 19:47:56 Syscall 1:exit denied
2009-10-05 19:47:56 Syscall 1:exit denied
2009-10-05 19:47:56 Syscall 1:exit denied
2009-10-05 19:47:56 Syscall 231:fgetxattr denied
2009-10-05 19:47:56 Child terminated normally.
2009-10-05 20:18:15 Syscall 11:execve denied
2009-10-05 20:18:15 Syscall 45:brk denied
2009-10-05 20:18:15 Syscall 45:brk denied
2009-10-05 20:18:15 Syscall 33:access denied
2009-10-05 20:18:15 Syscall 33:access denied
2009-10-05 20:18:15 Syscall 5:open denied
2009-10-05 20:18:15 Syscall 5:open denied
2009-10-05 20:18:15 Syscall 197:fstat64 denied
2009-10-05 20:18:15 Syscall 197:fstat64 denied
2009-10-05 20:18:15 Syscall 192:mmap2 denied
2009-10-05 20:18:15 Syscall 192:mmap2 denied
2009-10-05 20:18:15 Syscall 6:close denied
2009-10-05 20:18:15 Syscall 6:close denied
2009-10-05 20:18:15 Syscall 5:open denied
2009-10-05 20:18:15 Syscall 5:open denied
2009-10-05 20:18:15 Syscall 3:read denied
2009-10-05 20:18:15 Syscall 3:read denied
2009-10-05 20:18:15 Syscall 192:mmap2 denied
2009-10-05 20:18:15 Syscall 192:mmap2 denied
2009-10-05 20:18:15 Syscall 197:fstat64 denied
2009-10-05 20:18:15 Syscall 197:fstat64 denied
2009-10-05 20:18:15 Syscall 192:mmap2 denied
2009-10-05 20:18:15 Syscall 192:mmap2 denied
2009-10-05 20:18:15 Syscall 192:mmap2 denied
2009-10-05 20:18:15 Syscall 192:mmap2 denied
2009-10-05 20:18:15 Syscall 192:mmap2 denied
2009-10-05 20:18:15 Syscall 192:mmap2 denied
2009-10-05 20:18:15 Syscall 6:close denied
2009-10-05 20:18:15 Syscall 6:close denied
2009-10-05 20:18:15 Syscall 5:open denied
2009-10-05 20:18:15 Syscall 5:open denied
2009-10-05 20:18:15 Syscall 3:read denied
2009-10-05 20:18:15 Syscall 3:read denied
2009-10-05 20:18:15 Syscall 197:fstat64 denied
2009-10-05 20:18:15 Syscall 197:fstat64 denied
2009-10-05 20:18:15 Syscall 192:mmap2 denied
2009-10-05 20:18:15 Syscall 192:mmap2 denied
2009-10-05 20:18:15 Syscall 192:mmap2 denied
2009-10-05 20:18:15 Syscall 192:mmap2 denied
2009-10-05 20:18:15 Syscall 6:close denied
2009-10-05 20:18:15 Syscall 6:close denied
2009-10-05 20:18:15 Syscall 5:open denied
2009-10-05 20:18:15 Syscall 5:open denied
2009-10-05 20:18:15 Syscall 3:read denied
2009-10-05 20:18:15 Syscall 3:read denied
2009-10-05 20:18:15 Syscall 197:fstat64 denied
2009-10-05 20:18:15 Syscall 197:fstat64 denied
2009-10-05 20:18:15 Syscall 192:mmap2 denied
2009-10-05 20:18:15 Syscall 192:mmap2 denied
2009-10-05 20:18:15 Syscall 192:mmap2 denied
2009-10-05 20:18:15 Syscall 192:mmap2 denied
2009-10-05 20:18:15 Syscall 6:close denied
2009-10-05 20:18:15 Syscall 6:close denied
2009-10-05 20:18:15 Syscall 5:open denied
2009-10-05 20:18:15 Syscall 5:open denied
2009-10-05 20:18:15 Syscall 3:read denied
2009-10-05 20:18:15 Syscall 3:read denied
2009-10-05 20:18:15 Syscall 197:fstat64 denied
2009-10-05 20:18:15 Syscall 197:fstat64 denied
2009-10-05 20:18:15 Syscall 192:mmap2 denied
2009-10-05 20:18:15 Syscall 192:mmap2 denied
2009-10-05 20:18:15 Syscall 192:mmap2 denied
2009-10-05 20:18:15 Syscall 192:mmap2 denied
2009-10-05 20:18:15 Syscall 192:mmap2 denied
2009-10-05 20:18:15 Syscall 192:mmap2 denied
2009-10-05 20:18:15 Syscall 6:close denied
2009-10-05 20:18:15 Syscall 6:close denied
2009-10-05 20:18:15 Syscall 192:mmap2 denied
2009-10-05 20:18:15 Syscall 192:mmap2 denied
2009-10-05 20:18:15 Syscall 192:mmap2 denied
2009-10-05 20:18:15 Syscall 192:mmap2 denied
2009-10-05 20:18:15 Syscall 243:set_thread_area denied
2009-10-05 20:18:15 Syscall 243:set_thread_area denied
2009-10-05 20:18:15 Syscall 125:mprotect denied
2009-10-05 20:18:15 Syscall 125:mprotect denied
2009-10-05 20:18:15 Syscall 125:mprotect denied
2009-10-05 20:18:15 Syscall 125:mprotect denied
2009-10-05 20:18:15 Syscall 125:mprotect denied
2009-10-05 20:18:15 Syscall 125:mprotect denied
2009-10-05 20:18:15 Syscall 125:mprotect denied
2009-10-05 20:18:15 Syscall 125:mprotect denied
2009-10-05 20:18:15 Syscall 91:munmap denied
2009-10-05 20:18:15 Syscall 91:munmap denied
2009-10-05 20:18:15 Syscall 45:brk denied
2009-10-05 20:18:15 Syscall 45:brk denied
2009-10-05 20:18:15 Syscall 45:brk denied
2009-10-05 20:18:15 Syscall 45:brk denied
2009-10-05 20:18:15 Syscall 197:fstat64 denied
2009-10-05 20:18:15 Syscall 197:fstat64 denied
2009-10-05 20:18:15 Syscall 192:mmap2 denied
2009-10-05 20:18:15 Syscall 192:mmap2 denied
2009-10-05 20:18:15 Syscall 4:write denied
2009-10-05 20:18:15 Syscall 4:write denied
2009-10-05 20:18:15 Syscall 4:write denied
2009-10-05 20:18:15 Syscall 4:write denied
2009-10-05 20:18:15 Syscall 252:exit_group denied
2009-10-05 20:18:15 Child terminated normally.
2009-10-05 20:30:20 Syscall 11:execve denied
2009-10-05 20:30:20 Syscall 45:brk denied
2009-10-05 20:30:20 Syscall 45:brk denied
2009-10-05 20:30:20 Syscall 33:access denied
2009-10-05 20:30:20 Syscall 33:access denied
2009-10-05 20:30:20 Syscall 5:open denied
2009-10-05 20:30:20 Syscall 5:open denied
2009-10-05 20:30:20 Syscall 197:fstat64 denied
2009-10-05 20:30:20 Syscall 197:fstat64 denied
2009-10-05 20:30:20 Syscall 192:mmap2 denied
2009-10-05 20:30:20 Syscall 192:mmap2 denied
2009-10-05 20:30:20 Syscall 6:close denied
2009-10-05 20:30:20 Syscall 6:close denied
2009-10-05 20:30:20 Syscall 5:open denied
2009-10-05 20:30:20 Syscall 5:open denied
2009-10-05 20:30:20 Syscall 3:read denied
2009-10-05 20:30:20 Syscall 3:read denied
2009-10-05 20:30:20 Syscall 192:mmap2 denied
2009-10-05 20:30:20 Syscall 192:mmap2 denied
2009-10-05 20:30:20 Syscall 197:fstat64 denied
2009-10-05 20:30:20 Syscall 197:fstat64 denied
2009-10-05 20:30:20 Syscall 192:mmap2 denied
2009-10-05 20:30:20 Syscall 192:mmap2 denied
2009-10-05 20:30:20 Syscall 192:mmap2 denied
2009-10-05 20:30:20 Syscall 192:mmap2 denied
2009-10-05 20:30:20 Syscall 192:mmap2 denied
2009-10-05 20:30:20 Syscall 192:mmap2 denied
2009-10-05 20:30:20 Syscall 6:close denied
2009-10-05 20:30:20 Syscall 6:close denied
2009-10-05 20:30:20 Syscall 5:open denied
2009-10-05 20:30:20 Syscall 5:open denied
2009-10-05 20:30:20 Syscall 3:read denied
2009-10-05 20:30:20 Syscall 3:read denied
2009-10-05 20:30:20 Syscall 197:fstat64 denied
2009-10-05 20:30:20 Syscall 197:fstat64 denied
2009-10-05 20:30:20 Syscall 192:mmap2 denied
2009-10-05 20:30:20 Syscall 192:mmap2 denied
2009-10-05 20:30:20 Syscall 192:mmap2 denied
2009-10-05 20:30:20 Syscall 192:mmap2 denied
2009-10-05 20:30:20 Syscall 6:close denied
2009-10-05 20:30:20 Syscall 6:close denied
2009-10-05 20:30:20 Syscall 5:open denied
2009-10-05 20:30:20 Syscall 5:open denied
2009-10-05 20:30:20 Syscall 3:read denied
2009-10-05 20:30:20 Syscall 3:read denied
2009-10-05 20:30:20 Syscall 197:fstat64 denied
2009-10-05 20:30:20 Syscall 197:fstat64 denied
2009-10-05 20:30:20 Syscall 192:mmap2 denied
2009-10-05 20:30:20 Syscall 192:mmap2 denied
2009-10-05 20:30:20 Syscall 192:mmap2 denied
2009-10-05 20:30:20 Syscall 192:mmap2 denied
2009-10-05 20:30:20 Syscall 6:close denied
2009-10-05 20:30:20 Syscall 6:close denied
2009-10-05 20:30:20 Syscall 5:open denied
2009-10-05 20:30:20 Syscall 5:open denied
2009-10-05 20:30:20 Syscall 3:read denied
2009-10-05 20:30:20 Syscall 3:read denied
2009-10-05 20:30:20 Syscall 197:fstat64 denied
2009-10-05 20:30:20 Syscall 197:fstat64 denied
2009-10-05 20:30:20 Syscall 192:mmap2 denied
2009-10-05 20:30:20 Syscall 192:mmap2 denied
2009-10-05 20:30:20 Syscall 192:mmap2 denied
2009-10-05 20:30:20 Syscall 192:mmap2 denied
2009-10-05 20:30:20 Syscall 192:mmap2 denied
2009-10-05 20:30:20 Syscall 192:mmap2 denied
2009-10-05 20:30:20 Syscall 6:close denied
2009-10-05 20:30:20 Syscall 6:close denied
2009-10-05 20:30:20 Syscall 192:mmap2 denied
2009-10-05 20:30:20 Syscall 192:mmap2 denied
2009-10-05 20:30:20 Syscall 192:mmap2 denied
2009-10-05 20:30:20 Syscall 192:mmap2 denied
2009-10-05 20:30:20 Syscall 243:set_thread_area denied
2009-10-05 20:30:20 Syscall 243:set_thread_area denied
2009-10-05 20:30:20 Syscall 125:mprotect denied
2009-10-05 20:30:20 Syscall 125:mprotect denied
2009-10-05 20:30:20 Syscall 125:mprotect denied
2009-10-05 20:30:20 Syscall 125:mprotect denied
2009-10-05 20:30:20 Syscall 125:mprotect denied
2009-10-05 20:30:20 Syscall 125:mprotect denied
2009-10-05 20:30:20 Syscall 125:mprotect denied
2009-10-05 20:30:20 Syscall 125:mprotect denied
2009-10-05 20:30:20 Syscall 91:munmap denied
2009-10-05 20:30:20 Syscall 91:munmap denied
2009-10-05 20:30:20 Syscall 45:brk denied
2009-10-05 20:30:20 Syscall 45:brk denied
2009-10-05 20:30:20 Syscall 45:brk denied
2009-10-05 20:30:20 Syscall 45:brk denied
2009-10-05 20:30:20 Syscall 197:fstat64 denied
2009-10-05 20:30:20 Syscall 197:fstat64 denied
2009-10-05 20:30:20 Syscall 192:mmap2 denied
2009-10-05 20:30:20 Syscall 192:mmap2 denied
2009-10-05 20:30:20 Syscall 4:write denied
2009-10-05 20:30:20 Syscall 4:write denied
2009-10-05 20:30:20 Syscall 4:write denied
2009-10-05 20:30:20 Syscall 4:write denied
2009-10-05 20:30:20 Syscall 252:exit_group denied
2009-10-05 20:30:20 Child terminated normally.
2009-10-05 20:31:04 [Æÿ
2009-10-05 20:31:04 Syscall 45:brk denied
2009-10-05 20:31:04 Syscall 45:brk denied
2009-10-05 20:31:04 Syscall 33:access denied
2009-10-05 20:31:04 Syscall 33:access denied
2009-10-05 20:31:04 Syscall 5:open denied
2009-10-05 20:31:04 Syscall 5:open denied
2009-10-05 20:31:04 Syscall 197:fstat64 denied
2009-10-05 20:31:04 Syscall 197:fstat64 denied
2009-10-05 20:31:04 Syscall 192:mmap2 denied
2009-10-05 20:31:04 Syscall 192:mmap2 denied
2009-10-05 20:31:04 Syscall 6:close denied
2009-10-05 20:31:04 Syscall 6:close denied
2009-10-05 20:31:04 Syscall 5:open denied
2009-10-05 20:31:04 Syscall 5:open denied
2009-10-05 20:31:04 Syscall 3:read denied
2009-10-05 20:31:04 Syscall 3:read denied
2009-10-05 20:31:04 Syscall 192:mmap2 denied
2009-10-05 20:31:04 Syscall 192:mmap2 denied
2009-10-05 20:31:04 Syscall 197:fstat64 denied
2009-10-05 20:31:04 Syscall 197:fstat64 denied
2009-10-05 20:31:04 Syscall 192:mmap2 denied
2009-10-05 20:31:04 Syscall 192:mmap2 denied
2009-10-05 20:31:04 Syscall 192:mmap2 denied
2009-10-05 20:31:04 Syscall 192:mmap2 denied
2009-10-05 20:31:04 Syscall 192:mmap2 denied
2009-10-05 20:31:04 Syscall 192:mmap2 denied
2009-10-05 20:31:04 Syscall 6:close denied
2009-10-05 20:31:04 Syscall 6:close denied
2009-10-05 20:31:04 Syscall 5:open denied
2009-10-05 20:31:04 Syscall 5:open denied
2009-10-05 20:31:04 Syscall 3:read denied
2009-10-05 20:31:04 Syscall 3:read denied
2009-10-05 20:31:04 Syscall 197:fstat64 denied
2009-10-05 20:31:04 Syscall 197:fstat64 denied
2009-10-05 20:31:04 Syscall 192:mmap2 denied
2009-10-05 20:31:04 Syscall 192:mmap2 denied
2009-10-05 20:31:04 Syscall 192:mmap2 denied
2009-10-05 20:31:04 Syscall 192:mmap2 denied
2009-10-05 20:31:04 Syscall 6:close denied
2009-10-05 20:31:04 Syscall 6:close denied
2009-10-05 20:31:04 Syscall 5:open denied
2009-10-05 20:31:04 Syscall 5:open denied
2009-10-05 20:31:04 Syscall 3:read denied
2009-10-05 20:31:04 Syscall 3:read denied
2009-10-05 20:31:04 Syscall 197:fstat64 denied
2009-10-05 20:31:04 Syscall 197:fstat64 denied
2009-10-05 20:31:04 Syscall 192:mmap2 denied
2009-10-05 20:31:04 Syscall 192:mmap2 denied
2009-10-05 20:31:04 Syscall 192:mmap2 denied
2009-10-05 20:31:04 Syscall 192:mmap2 denied
2009-10-05 20:31:04 Syscall 6:close denied
2009-10-05 20:31:04 Syscall 6:close denied
2009-10-05 20:31:04 Syscall 5:open denied
2009-10-05 20:31:04 Syscall 5:open denied
2009-10-05 20:31:04 Syscall 3:read denied
2009-10-05 20:31:04 Syscall 3:read denied
2009-10-05 20:31:04 Syscall 197:fstat64 denied
2009-10-05 20:31:04 Syscall 197:fstat64 denied
2009-10-05 20:31:04 Syscall 192:mmap2 denied
2009-10-05 20:31:04 Syscall 192:mmap2 denied
2009-10-05 20:31:04 Syscall 192:mmap2 denied
2009-10-05 20:31:04 Syscall 192:mmap2 denied
2009-10-05 20:31:04 Syscall 192:mmap2 denied
2009-10-05 20:31:04 Syscall 192:mmap2 denied
2009-10-05 20:31:04 Syscall 6:close denied
2009-10-05 20:31:04 Syscall 6:close denied
2009-10-05 20:31:04 Syscall 192:mmap2 denied
2009-10-05 20:31:04 Syscall 192:mmap2 denied
2009-10-05 20:31:04 Syscall 192:mmap2 denied
2009-10-05 20:31:04 Syscall 192:mmap2 denied
2009-10-05 20:31:04 Syscall 243:set_thread_area denied
2009-10-05 20:31:04 Syscall 243:set_thread_area denied
2009-10-05 20:31:04 Syscall 125:mprotect denied
2009-10-05 20:31:04 Syscall 125:mprotect denied
2009-10-05 20:31:04 Syscall 125:mprotect denied
2009-10-05 20:31:04 Syscall 125:mprotect denied
2009-10-05 20:31:04 Syscall 125:mprotect denied
2009-10-05 20:31:04 Syscall 125:mprotect denied
2009-10-05 20:31:04 Syscall 125:mprotect denied
2009-10-05 20:31:04 Syscall 125:mprotect denied
2009-10-05 20:31:04 Syscall 91:munmap denied
2009-10-05 20:31:04 Syscall 91:munmap denied
2009-10-05 20:31:04 Syscall 45:brk denied
2009-10-05 20:31:04 Syscall 45:brk denied
2009-10-05 20:31:04 Syscall 45:brk denied
2009-10-05 20:31:04 Syscall 45:brk denied
2009-10-05 20:31:04 Syscall 197:fstat64 denied
2009-10-05 20:31:04 Syscall 197:fstat64 denied
2009-10-05 20:31:04 Syscall 192:mmap2 denied
2009-10-05 20:31:04 Syscall 192:mmap2 denied
2009-10-05 20:31:04 Syscall 4:write denied
2009-10-05 20:31:04 Syscall 4:write denied
2009-10-05 20:31:04 Syscall 4:write denied
2009-10-05 20:31:04 Syscall 4:write denied
2009-10-05 20:31:04 Syscall 252:exit_group denied
2009-10-05 20:31:04 Child terminated normally.
2009-10-05 20:35:02  Îÿ
2009-10-05 20:35:02 Syscall 45:brk denied
2009-10-05 20:35:02 Syscall 45:brk denied
2009-10-05 20:35:02 Syscall 33:access denied
2009-10-05 20:35:02 Syscall 33:access denied
2009-10-05 20:35:02 Syscall 5:open denied
2009-10-05 20:35:02 Syscall 5:open denied
2009-10-05 20:35:02 Syscall 197:fstat64 denied
2009-10-05 20:35:02 Syscall 197:fstat64 denied
2009-10-05 20:35:02 Syscall 192:mmap2 denied
2009-10-05 20:35:02 Syscall 192:mmap2 denied
2009-10-05 20:35:02 Syscall 6:close denied
2009-10-05 20:35:02 Syscall 6:close denied
2009-10-05 20:35:02 Syscall 5:open denied
2009-10-05 20:35:02 Syscall 5:open denied
2009-10-05 20:35:02 Syscall 3:read denied
2009-10-05 20:35:02 Syscall 3:read denied
2009-10-05 20:35:02 Syscall 192:mmap2 denied
2009-10-05 20:35:02 Syscall 192:mmap2 denied
2009-10-05 20:35:02 Syscall 197:fstat64 denied
2009-10-05 20:35:02 Syscall 197:fstat64 denied
2009-10-05 20:35:02 Syscall 192:mmap2 denied
2009-10-05 20:35:02 Syscall 192:mmap2 denied
2009-10-05 20:35:02 Syscall 192:mmap2 denied
2009-10-05 20:35:02 Syscall 192:mmap2 denied
2009-10-05 20:35:02 Syscall 192:mmap2 denied
2009-10-05 20:35:02 Syscall 192:mmap2 denied
2009-10-05 20:35:02 Syscall 6:close denied
2009-10-05 20:35:02 Syscall 6:close denied
2009-10-05 20:35:02 Syscall 5:open denied
2009-10-05 20:35:02 Syscall 5:open denied
2009-10-05 20:35:02 Syscall 3:read denied
2009-10-05 20:35:02 Syscall 3:read denied
2009-10-05 20:35:02 Syscall 197:fstat64 denied
2009-10-05 20:35:02 Syscall 197:fstat64 denied
2009-10-05 20:35:02 Syscall 192:mmap2 denied
2009-10-05 20:35:02 Syscall 192:mmap2 denied
2009-10-05 20:35:02 Syscall 192:mmap2 denied
2009-10-05 20:35:02 Syscall 192:mmap2 denied
2009-10-05 20:35:02 Syscall 6:close denied
2009-10-05 20:35:02 Syscall 6:close denied
2009-10-05 20:35:02 Syscall 5:open denied
2009-10-05 20:35:02 Syscall 5:open denied
2009-10-05 20:35:02 Syscall 3:read denied
2009-10-05 20:35:02 Syscall 3:read denied
2009-10-05 20:35:02 Syscall 197:fstat64 denied
2009-10-05 20:35:02 Syscall 197:fstat64 denied
2009-10-05 20:35:02 Syscall 192:mmap2 denied
2009-10-05 20:35:02 Syscall 192:mmap2 denied
2009-10-05 20:35:02 Syscall 192:mmap2 denied
2009-10-05 20:35:02 Syscall 192:mmap2 denied
2009-10-05 20:35:02 Syscall 6:close denied
2009-10-05 20:35:02 Syscall 6:close denied
2009-10-05 20:35:02 Syscall 5:open denied
2009-10-05 20:35:02 Syscall 5:open denied
2009-10-05 20:35:02 Syscall 3:read denied
2009-10-05 20:35:02 Syscall 3:read denied
2009-10-05 20:35:02 Syscall 197:fstat64 denied
2009-10-05 20:35:02 Syscall 197:fstat64 denied
2009-10-05 20:35:02 Syscall 192:mmap2 denied
2009-10-05 20:35:02 Syscall 192:mmap2 denied
2009-10-05 20:35:02 Syscall 192:mmap2 denied
2009-10-05 20:35:02 Syscall 192:mmap2 denied
2009-10-05 20:35:02 Syscall 192:mmap2 denied
2009-10-05 20:35:02 Syscall 192:mmap2 denied
2009-10-05 20:35:02 Syscall 6:close denied
2009-10-05 20:35:02 Syscall 6:close denied
2009-10-05 20:35:02 Syscall 192:mmap2 denied
2009-10-05 20:35:02 Syscall 192:mmap2 denied
2009-10-05 20:35:02 Syscall 192:mmap2 denied
2009-10-05 20:35:02 Syscall 192:mmap2 denied
2009-10-05 20:35:02 Syscall 243:set_thread_area denied
2009-10-05 20:35:02 Syscall 243:set_thread_area denied
2009-10-05 20:35:02 Syscall 125:mprotect denied
2009-10-05 20:35:02 Syscall 125:mprotect denied
2009-10-05 20:35:02 Syscall 125:mprotect denied
2009-10-05 20:35:02 Syscall 125:mprotect denied
2009-10-05 20:35:02 Syscall 125:mprotect denied
2009-10-05 20:35:02 Syscall 125:mprotect denied
2009-10-05 20:35:02 Syscall 125:mprotect denied
2009-10-05 20:35:02 Syscall 125:mprotect denied
2009-10-05 20:35:02 Syscall 91:munmap denied
2009-10-05 20:35:02 Syscall 91:munmap denied
2009-10-05 20:35:02 Syscall 45:brk denied
2009-10-05 20:35:02 Syscall 45:brk denied
2009-10-05 20:35:02 Syscall 45:brk denied
2009-10-05 20:35:02 Syscall 45:brk denied
2009-10-05 20:35:02 Syscall 197:fstat64 denied
2009-10-05 20:35:02 Syscall 197:fstat64 denied
2009-10-05 20:35:02 Syscall 192:mmap2 denied
2009-10-05 20:35:02 Syscall 192:mmap2 denied
2009-10-05 20:35:02 Syscall 4:write denied
2009-10-05 20:35:02 Syscall 4:write denied
2009-10-05 20:35:02 Syscall 4:write denied
2009-10-05 20:35:02 Syscall 4:write denied
2009-10-05 20:35:02 Syscall 252:exit_group denied
2009-10-05 20:35:02 Child terminated normally.
2009-10-05 21:07:37 ÀëÍÿ
2009-10-05 21:07:37 Syscall 45:brk denied
2009-10-05 21:07:37 Syscall 45:brk denied
2009-10-05 21:07:37 Syscall 33:access denied
2009-10-05 21:07:37 Syscall 33:access denied
2009-10-05 21:07:37 Syscall 5:open denied
2009-10-05 21:07:37 Syscall 5:open denied
2009-10-05 21:07:37 Syscall 197:fstat64 denied
2009-10-05 21:07:37 Syscall 197:fstat64 denied
2009-10-05 21:07:37 Syscall 192:mmap2 denied
2009-10-05 21:07:37 Syscall 192:mmap2 denied
2009-10-05 21:07:37 Syscall 6:close denied
2009-10-05 21:07:37 Syscall 6:close denied
2009-10-05 21:07:37 Syscall 5:open denied
2009-10-05 21:07:37 Syscall 5:open denied
2009-10-05 21:07:37 Syscall 3:read denied
2009-10-05 21:07:37 Syscall 3:read denied
2009-10-05 21:07:37 Syscall 192:mmap2 denied
2009-10-05 21:07:37 Syscall 192:mmap2 denied
2009-10-05 21:07:37 Syscall 197:fstat64 denied
2009-10-05 21:07:37 Syscall 197:fstat64 denied
2009-10-05 21:07:37 Syscall 192:mmap2 denied
2009-10-05 21:07:37 Syscall 192:mmap2 denied
2009-10-05 21:07:37 Syscall 192:mmap2 denied
2009-10-05 21:07:37 Syscall 192:mmap2 denied
2009-10-05 21:07:37 Syscall 192:mmap2 denied
2009-10-05 21:07:37 Syscall 192:mmap2 denied
2009-10-05 21:07:37 Syscall 6:close denied
2009-10-05 21:07:37 Syscall 6:close denied
2009-10-05 21:07:37 Syscall 5:open denied
2009-10-05 21:07:37 Syscall 5:open denied
2009-10-05 21:07:37 Syscall 3:read denied
2009-10-05 21:07:37 Syscall 3:read denied
2009-10-05 21:07:37 Syscall 197:fstat64 denied
2009-10-05 21:07:37 Syscall 197:fstat64 denied
2009-10-05 21:07:37 Syscall 192:mmap2 denied
2009-10-05 21:07:37 Syscall 192:mmap2 denied
2009-10-05 21:07:37 Syscall 192:mmap2 denied
2009-10-05 21:07:37 Syscall 192:mmap2 denied
2009-10-05 21:07:37 Syscall 6:close denied
2009-10-05 21:07:37 Syscall 6:close denied
2009-10-05 21:07:37 Syscall 5:open denied
2009-10-05 21:07:37 Syscall 5:open denied
2009-10-05 21:07:37 Syscall 3:read denied
2009-10-05 21:07:37 Syscall 3:read denied
2009-10-05 21:07:37 Syscall 197:fstat64 denied
2009-10-05 21:07:37 Syscall 197:fstat64 denied
2009-10-05 21:07:37 Syscall 192:mmap2 denied
2009-10-05 21:07:37 Syscall 192:mmap2 denied
2009-10-05 21:07:37 Syscall 192:mmap2 denied
2009-10-05 21:07:37 Syscall 192:mmap2 denied
2009-10-05 21:07:37 Syscall 6:close denied
2009-10-05 21:07:37 Syscall 6:close denied
2009-10-05 21:07:37 Syscall 5:open denied
2009-10-05 21:07:37 Syscall 5:open denied
2009-10-05 21:07:37 Syscall 3:read denied
2009-10-05 21:07:37 Syscall 3:read denied
2009-10-05 21:07:37 Syscall 197:fstat64 denied
2009-10-05 21:07:37 Syscall 197:fstat64 denied
2009-10-05 21:07:37 Syscall 192:mmap2 denied
2009-10-05 21:07:37 Syscall 192:mmap2 denied
2009-10-05 21:07:37 Syscall 192:mmap2 denied
2009-10-05 21:07:37 Syscall 192:mmap2 denied
2009-10-05 21:07:37 Syscall 192:mmap2 denied
2009-10-05 21:07:37 Syscall 192:mmap2 denied
2009-10-05 21:07:37 Syscall 6:close denied
2009-10-05 21:07:37 Syscall 6:close denied
2009-10-05 21:07:37 Syscall 192:mmap2 denied
2009-10-05 21:07:37 Syscall 192:mmap2 denied
2009-10-05 21:07:37 Syscall 192:mmap2 denied
2009-10-05 21:07:37 Syscall 192:mmap2 denied
2009-10-05 21:07:37 Syscall 243:set_thread_area denied
2009-10-05 21:07:37 Syscall 243:set_thread_area denied
2009-10-05 21:07:37 Syscall 125:mprotect denied
2009-10-05 21:07:37 Syscall 125:mprotect denied
2009-10-05 21:07:37 Syscall 125:mprotect denied
2009-10-05 21:07:37 Syscall 125:mprotect denied
2009-10-05 21:07:37 Syscall 125:mprotect denied
2009-10-05 21:07:37 Syscall 125:mprotect denied
2009-10-05 21:07:37 Syscall 125:mprotect denied
2009-10-05 21:07:37 Syscall 125:mprotect denied
2009-10-05 21:07:37 Syscall 91:munmap denied
2009-10-05 21:07:37 Syscall 91:munmap denied
2009-10-05 21:07:37 Syscall 45:brk denied
2009-10-05 21:07:37 Syscall 45:brk denied
2009-10-05 21:07:37 Syscall 45:brk denied
2009-10-05 21:07:37 Syscall 45:brk denied
2009-10-05 21:07:37 Syscall 197:fstat64 denied
2009-10-05 21:07:37 Syscall 197:fstat64 denied
2009-10-05 21:07:37 Syscall 192:mmap2 denied
2009-10-05 21:07:37 Syscall 192:mmap2 denied
2009-10-05 21:07:37 Syscall 4:write denied
2009-10-05 21:07:37 Syscall 4:write denied
2009-10-05 21:07:37 Syscall 4:write denied
2009-10-05 21:07:37 Syscall 4:write denied
2009-10-05 21:07:37 Syscall 252:exit_group denied
2009-10-05 21:07:37 Child terminated normally.
2009-10-05 21:20:01 0¢ÿ
2009-10-05 21:20:01 Syscall 45:brk denied
2009-10-05 21:20:01 Syscall 45:brk denied
2009-10-05 21:20:01 Syscall 33:access denied
2009-10-05 21:20:01 Syscall 33:access denied
2009-10-05 21:20:01 Syscall 5:open denied
2009-10-05 21:20:01 Syscall 5:open denied
2009-10-05 21:20:01 Syscall 197:fstat64 denied
2009-10-05 21:20:01 Syscall 197:fstat64 denied
2009-10-05 21:20:01 Syscall 192:mmap2 denied
2009-10-05 21:20:01 Syscall 192:mmap2 denied
2009-10-05 21:20:01 Syscall 6:close denied
2009-10-05 21:20:01 Syscall 6:close denied
2009-10-05 21:20:01 Syscall 5:open denied
2009-10-05 21:20:01 Syscall 5:open denied
2009-10-05 21:20:01 Syscall 3:read denied
2009-10-05 21:20:01 Syscall 3:read denied
2009-10-05 21:20:01 Syscall 192:mmap2 denied
2009-10-05 21:20:01 Syscall 192:mmap2 denied
2009-10-05 21:20:01 Syscall 197:fstat64 denied
2009-10-05 21:20:01 Syscall 197:fstat64 denied
2009-10-05 21:20:01 Syscall 192:mmap2 denied
2009-10-05 21:20:01 Syscall 192:mmap2 denied
2009-10-05 21:20:01 Syscall 192:mmap2 denied
2009-10-05 21:20:01 Syscall 192:mmap2 denied
2009-10-05 21:20:01 Syscall 192:mmap2 denied
2009-10-05 21:20:01 Syscall 192:mmap2 denied
2009-10-05 21:20:01 Syscall 6:close denied
2009-10-05 21:20:01 Syscall 6:close denied
2009-10-05 21:20:01 Syscall 5:open denied
2009-10-05 21:20:01 Syscall 5:open denied
2009-10-05 21:20:01 Syscall 3:read denied
2009-10-05 21:20:01 Syscall 3:read denied
2009-10-05 21:20:01 Syscall 197:fstat64 denied
2009-10-05 21:20:01 Syscall 197:fstat64 denied
2009-10-05 21:20:01 Syscall 192:mmap2 denied
2009-10-05 21:20:01 Syscall 192:mmap2 denied
2009-10-05 21:20:01 Syscall 192:mmap2 denied
2009-10-05 21:20:01 Syscall 192:mmap2 denied
2009-10-05 21:20:01 Syscall 6:close denied
2009-10-05 21:20:01 Syscall 6:close denied
2009-10-05 21:20:01 Syscall 5:open denied
2009-10-05 21:20:01 Syscall 5:open denied
2009-10-05 21:20:01 Syscall 3:read denied
2009-10-05 21:20:01 Syscall 3:read denied
2009-10-05 21:20:01 Syscall 197:fstat64 denied
2009-10-05 21:20:01 Syscall 197:fstat64 denied
2009-10-05 21:20:01 Syscall 192:mmap2 denied
2009-10-05 21:20:01 Syscall 192:mmap2 denied
2009-10-05 21:20:01 Syscall 192:mmap2 denied
2009-10-05 21:20:01 Syscall 192:mmap2 denied
2009-10-05 21:20:01 Syscall 6:close denied
2009-10-05 21:20:01 Syscall 6:close denied
2009-10-05 21:20:01 Syscall 5:open denied
2009-10-05 21:20:01 Syscall 5:open denied
2009-10-05 21:20:01 Syscall 3:read denied
2009-10-05 21:20:01 Syscall 3:read denied
2009-10-05 21:20:01 Syscall 197:fstat64 denied
2009-10-05 21:20:01 Syscall 197:fstat64 denied
2009-10-05 21:20:01 Syscall 192:mmap2 denied
2009-10-05 21:20:01 Syscall 192:mmap2 denied
2009-10-05 21:20:01 Syscall 192:mmap2 denied
2009-10-05 21:20:01 Syscall 192:mmap2 denied
2009-10-05 21:20:01 Syscall 192:mmap2 denied
2009-10-05 21:20:01 Syscall 192:mmap2 denied
2009-10-05 21:20:01 Syscall 6:close denied
2009-10-05 21:20:01 Syscall 6:close denied
2009-10-05 21:20:01 Syscall 192:mmap2 denied
2009-10-05 21:20:01 Syscall 192:mmap2 denied
2009-10-05 21:20:01 Syscall 192:mmap2 denied
2009-10-05 21:20:01 Syscall 192:mmap2 denied
2009-10-05 21:20:01 Syscall 243:set_thread_area denied
2009-10-05 21:20:01 Syscall 243:set_thread_area denied
2009-10-05 21:20:01 Syscall 125:mprotect denied
2009-10-05 21:20:01 Syscall 125:mprotect denied
2009-10-05 21:20:01 Syscall 125:mprotect denied
2009-10-05 21:20:01 Syscall 125:mprotect denied
2009-10-05 21:20:01 Syscall 125:mprotect denied
2009-10-05 21:20:01 Syscall 125:mprotect denied
2009-10-05 21:20:01 Syscall 125:mprotect denied
2009-10-05 21:20:01 Syscall 125:mprotect denied
2009-10-05 21:20:01 Syscall 91:munmap denied
2009-10-05 21:20:01 Syscall 91:munmap denied
2009-10-05 21:20:01 Syscall 45:brk denied
2009-10-05 21:20:01 Syscall 45:brk denied
2009-10-05 21:20:01 Syscall 45:brk denied
2009-10-05 21:20:01 Syscall 45:brk denied
2009-10-05 21:20:01 Syscall 197:fstat64 denied
2009-10-05 21:20:01 Syscall 197:fstat64 denied
2009-10-05 21:20:01 Syscall 192:mmap2 denied
2009-10-05 21:20:01 Syscall 192:mmap2 denied
2009-10-05 21:20:01 Syscall 4:write denied
2009-10-05 21:20:01 Syscall 4:write denied
2009-10-05 21:20:01 Syscall 4:write denied
2009-10-05 21:20:01 Syscall 4:write denied
2009-10-05 21:20:01 ls
2009-10-05 21:35:50 Syscall 45:brk denied
2009-10-05 21:35:50 Syscall 45:brk denied
2009-10-05 21:35:50 Syscall 33:access denied
2009-10-05 21:35:50 Syscall 33:access denied
2009-10-05 21:35:50 Syscall 5:open denied
2009-10-05 21:35:50 Syscall 5:open denied
2009-10-05 21:35:50 Syscall 197:fstat64 denied
2009-10-05 21:35:50 Syscall 197:fstat64 denied
2009-10-05 21:35:50 Syscall 192:mmap2 denied
2009-10-05 21:35:50 Syscall 192:mmap2 denied
2009-10-05 21:35:50 Syscall 6:close denied
2009-10-05 21:35:50 Syscall 6:close denied
2009-10-05 21:35:50 Syscall 5:open denied
2009-10-05 21:35:50 Syscall 5:open denied
2009-10-05 21:35:50 Syscall 3:read denied
2009-10-05 21:35:50 Syscall 3:read denied
2009-10-05 21:35:50 Syscall 192:mmap2 denied
2009-10-05 21:35:50 Syscall 192:mmap2 denied
2009-10-05 21:35:50 Syscall 197:fstat64 denied
2009-10-05 21:35:50 Syscall 197:fstat64 denied
2009-10-05 21:35:50 Syscall 192:mmap2 denied
2009-10-05 21:35:50 Syscall 192:mmap2 denied
2009-10-05 21:35:50 Syscall 192:mmap2 denied
2009-10-05 21:35:50 Syscall 192:mmap2 denied
2009-10-05 21:35:50 Syscall 192:mmap2 denied
2009-10-05 21:35:50 Syscall 192:mmap2 denied
2009-10-05 21:35:50 Syscall 6:close denied
2009-10-05 21:35:50 Syscall 6:close denied
2009-10-05 21:35:50 Syscall 5:open denied
2009-10-05 21:35:50 Syscall 5:open denied
2009-10-05 21:35:50 Syscall 3:read denied
2009-10-05 21:35:50 Syscall 3:read denied
2009-10-05 21:35:50 Syscall 197:fstat64 denied
2009-10-05 21:35:50 Syscall 197:fstat64 denied
2009-10-05 21:35:50 Syscall 192:mmap2 denied
2009-10-05 21:35:50 Syscall 192:mmap2 denied
2009-10-05 21:35:50 Syscall 192:mmap2 denied
2009-10-05 21:35:50 Syscall 192:mmap2 denied
2009-10-05 21:35:50 Syscall 6:close denied
2009-10-05 21:35:50 Syscall 6:close denied
2009-10-05 21:35:50 Syscall 5:open denied
2009-10-05 21:35:50 Syscall 5:open denied
2009-10-05 21:35:50 Syscall 3:read denied
2009-10-05 21:35:50 Syscall 3:read denied
2009-10-05 21:35:50 Syscall 197:fstat64 denied
2009-10-05 21:35:50 Syscall 197:fstat64 denied
2009-10-05 21:35:50 Syscall 192:mmap2 denied
2009-10-05 21:35:50 Syscall 192:mmap2 denied
2009-10-05 21:35:50 Syscall 192:mmap2 denied
2009-10-05 21:35:50 Syscall 192:mmap2 denied
2009-10-05 21:35:50 Syscall 6:close denied
2009-10-05 21:35:50 Syscall 6:close denied
2009-10-05 21:35:50 Syscall 5:open denied
2009-10-05 21:35:50 Syscall 5:open denied
2009-10-05 21:35:50 Syscall 3:read denied
2009-10-05 21:35:50 Syscall 3:read denied
2009-10-05 21:35:50 Syscall 197:fstat64 denied
2009-10-05 21:35:50 Syscall 197:fstat64 denied
2009-10-05 21:35:50 Syscall 192:mmap2 denied
2009-10-05 21:35:50 Syscall 192:mmap2 denied
2009-10-05 21:35:50 Syscall 192:mmap2 denied
2009-10-05 21:35:50 Syscall 192:mmap2 denied
2009-10-05 21:35:50 Syscall 192:mmap2 denied
2009-10-05 21:35:50 Syscall 192:mmap2 denied
2009-10-05 21:35:50 Syscall 6:close denied
2009-10-05 21:35:50 Syscall 6:close denied
2009-10-05 21:35:50 Syscall 192:mmap2 denied
2009-10-05 21:35:50 Syscall 192:mmap2 denied
2009-10-05 21:35:50 Syscall 192:mmap2 denied
2009-10-05 21:35:50 Syscall 192:mmap2 denied
2009-10-05 21:35:50 Syscall 243:set_thread_area denied
2009-10-05 21:35:50 Syscall 243:set_thread_area denied
2009-10-05 21:35:50 Syscall 125:mprotect denied
2009-10-05 21:35:50 Syscall 125:mprotect denied
2009-10-05 21:35:50 Syscall 125:mprotect denied
2009-10-05 21:35:50 Syscall 125:mprotect denied
2009-10-05 21:35:50 Syscall 125:mprotect denied
2009-10-05 21:35:50 Syscall 125:mprotect denied
2009-10-05 21:35:50 Syscall 125:mprotect denied
2009-10-05 21:35:50 Syscall 125:mprotect denied
2009-10-05 21:35:50 Syscall 91:munmap denied
2009-10-05 21:35:50 Syscall 91:munmap denied
2009-10-05 21:35:50 Syscall 45:brk denied
2009-10-05 21:35:50 Syscall 45:brk denied
2009-10-05 21:35:50 Syscall 45:brk denied
2009-10-05 21:35:50 Syscall 45:brk denied
2009-10-05 21:35:50 Syscall 197:fstat64 denied
2009-10-05 21:35:50 Syscall 197:fstat64 denied
2009-10-05 21:35:50 Syscall 192:mmap2 denied
2009-10-05 21:35:50 Syscall 192:mmap2 denied
2009-10-05 21:35:50 Syscall 4:write denied
2009-10-05 21:35:50 Syscall 4:write denied
2009-10-05 21:35:50 Syscall 4:write denied
2009-10-05 21:35:50 Syscall 4:write denied
2009-10-05 21:35:50 Syscall 252:exit_group denied
2009-10-05 21:35:50 Child terminated normally.
2009-10-05 21:36:48 Syscall 12:chdir denied
2009-10-05 21:36:48 Syscall 12:chdir denied
2009-10-05 21:36:48 Syscall 9:link denied
2009-10-05 21:36:48 Syscall 9:link denied
2009-10-05 21:36:48 Syscall 9:link denied
2009-10-05 21:36:48 Syscall 9:link denied
2009-10-05 21:36:48 Syscall 21:mount denied
2009-10-05 21:36:48 Syscall 21:mount denied
2009-10-05 21:36:48 Syscall 2:fork denied
2009-10-05 21:36:48 Syscall 2:fork denied
2009-10-05 21:36:48 Syscall 5:open denied
2009-10-05 21:36:48 Syscall 5:open denied
2009-10-05 21:36:48 Syscall 9:link denied
2009-10-05 21:36:48 Syscall 9:link denied
2009-10-05 21:36:48 Syscall 3:read denied
2009-10-05 21:36:48 Syscall 3:read denied
2009-10-05 21:36:48 Syscall 2:fork denied
2009-10-05 21:36:48 Syscall 2:fork denied
2009-10-05 21:36:48 Syscall 0:restart_syscall denied
2009-10-05 21:36:48 Syscall 0:restart_syscall denied
2009-10-05 21:36:48 Syscall 5:open denied
2009-10-05 21:36:48 Syscall 5:open denied
2009-10-05 21:36:48 Syscall 9:link denied
2009-10-05 21:36:48 Syscall 9:link denied
2009-10-05 21:36:48 Syscall 10:unlink denied
2009-10-05 21:36:48 Syscall 10:unlink denied
2009-10-05 21:36:48 Syscall 9:link denied
2009-10-05 21:36:48 Syscall 9:link denied
2009-10-05 21:36:48 Syscall 9:link denied
2009-10-05 21:36:48 Syscall 9:link denied
2009-10-05 21:36:48 Syscall 3:read denied
2009-10-05 21:36:48 Syscall 3:read denied
2009-10-05 21:36:48 Syscall 2:fork denied
2009-10-05 21:36:48 Syscall 2:fork denied
2009-10-05 21:36:48 Syscall 0:restart_syscall denied
2009-10-05 21:36:48 Syscall 0:restart_syscall denied
2009-10-05 21:36:48 Syscall 5:open denied
2009-10-05 21:36:48 Syscall 5:open denied
2009-10-05 21:36:48 Syscall 9:link denied
2009-10-05 21:36:48 Syscall 9:link denied
2009-10-05 21:36:48 Syscall 10:unlink denied
2009-10-05 21:36:48 Syscall 10:unlink denied
2009-10-05 21:36:48 Syscall 9:link denied
2009-10-05 21:36:48 Syscall 9:link denied
2009-10-05 21:36:48 Syscall 3:read denied
2009-10-05 21:36:48 Syscall 3:read denied
2009-10-05 21:36:48 Syscall 2:fork denied
2009-10-05 21:36:48 Syscall 2:fork denied
2009-10-05 21:36:48 Syscall 0:restart_syscall denied
2009-10-05 21:36:48 Syscall 0:restart_syscall denied
2009-10-05 21:36:48 Syscall 5:open denied
2009-10-05 21:36:48 Syscall 5:open denied
2009-10-05 21:36:48 Syscall 9:link denied
2009-10-05 21:36:48 Syscall 9:link denied
2009-10-05 21:36:48 Syscall 9:link denied
2009-10-05 21:36:48 Syscall 9:link denied
2009-10-05 21:36:48 Syscall 10:unlink denied
2009-10-05 21:36:48 Syscall 10:unlink denied
2009-10-05 21:36:48 Syscall 9:link denied
2009-10-05 21:36:48 Syscall 9:link denied
2009-10-05 21:36:48 Syscall 3:read denied
2009-10-05 21:36:48 Syscall 3:read denied
2009-10-05 21:36:48 Syscall 2:fork denied
2009-10-05 21:36:48 Syscall 2:fork denied
2009-10-05 21:36:48 Syscall 0:restart_syscall denied
2009-10-05 21:36:48 Syscall 0:restart_syscall denied
2009-10-05 21:36:48 Syscall 5:open denied
2009-10-05 21:36:48 Syscall 5:open denied
2009-10-05 21:36:48 Syscall 9:link denied
2009-10-05 21:36:48 Syscall 9:link denied
2009-10-05 21:36:48 Syscall 10:unlink denied
2009-10-05 21:36:48 Syscall 10:unlink denied
2009-10-05 21:36:48 Syscall 9:link denied
2009-10-05 21:36:48 Syscall 9:link denied
2009-10-05 21:36:48 Syscall 9:link denied
2009-10-05 21:36:48 Syscall 9:link denied
2009-10-05 21:36:48 Syscall 3:read denied
2009-10-05 21:36:48 Syscall 3:read denied
2009-10-05 21:36:48 Syscall 9:link denied
2009-10-05 21:36:48 Syscall 9:link denied
2009-10-05 21:36:48 Syscall 9:link denied
2009-10-05 21:36:48 Syscall 9:link denied
2009-10-05 21:36:48 Syscall 158:sched_yield denied
2009-10-05 21:36:48 Syscall 158:sched_yield denied
2009-10-05 21:36:48 Syscall 10:unlink denied
2009-10-05 21:36:48 Syscall 10:unlink denied
2009-10-05 21:36:48 Syscall 10:unlink denied
2009-10-05 21:36:48 Syscall 10:unlink denied
2009-10-05 21:36:48 Syscall 10:unlink denied
2009-10-05 21:36:48 Syscall 10:unlink denied
2009-10-05 21:36:48 Syscall 10:unlink denied
2009-10-05 21:36:48 Syscall 10:unlink denied
2009-10-05 21:36:48 Peek data from child failed. Input/output error
2009-10-05 21:36:48 execve called and target is 
2009-10-05 21:37:44 Syscall 12:chdir denied
2009-10-05 21:37:44 Syscall 12:chdir denied
2009-10-05 21:37:44 Syscall 9:link denied
2009-10-05 21:37:44 Syscall 9:link denied
2009-10-05 21:37:44 Syscall 9:link denied
2009-10-05 21:37:44 Syscall 9:link denied
2009-10-05 21:37:44 Syscall 21:mount denied
2009-10-05 21:37:44 Syscall 21:mount denied
2009-10-05 21:37:44 Syscall 2:fork denied
2009-10-05 21:37:44 Syscall 2:fork denied
2009-10-05 21:37:44 Syscall 5:open denied
2009-10-05 21:37:44 Syscall 5:open denied
2009-10-05 21:37:44 Syscall 9:link denied
2009-10-05 21:37:44 Syscall 9:link denied
2009-10-05 21:37:44 Syscall 3:read denied
2009-10-05 21:37:44 Syscall 3:read denied
2009-10-05 21:37:44 Syscall 2:fork denied
2009-10-05 21:37:44 Syscall 2:fork denied
2009-10-05 21:37:44 Syscall 0:restart_syscall denied
2009-10-05 21:37:44 Syscall 0:restart_syscall denied
2009-10-05 21:37:44 Syscall 5:open denied
2009-10-05 21:37:44 Syscall 5:open denied
2009-10-05 21:37:44 Syscall 9:link denied
2009-10-05 21:37:44 Syscall 9:link denied
2009-10-05 21:37:44 Syscall 10:unlink denied
2009-10-05 21:37:44 Syscall 10:unlink denied
2009-10-05 21:37:44 Syscall 9:link denied
2009-10-05 21:37:44 Syscall 9:link denied
2009-10-05 21:37:44 Syscall 9:link denied
2009-10-05 21:37:44 Syscall 9:link denied
2009-10-05 21:37:44 Syscall 3:read denied
2009-10-05 21:37:44 Syscall 3:read denied
2009-10-05 21:37:44 Syscall 2:fork denied
2009-10-05 21:37:44 Syscall 2:fork denied
2009-10-05 21:37:44 Syscall 0:restart_syscall denied
2009-10-05 21:37:44 Syscall 0:restart_syscall denied
2009-10-05 21:37:44 Syscall 5:open denied
2009-10-05 21:37:44 Syscall 5:open denied
2009-10-05 21:37:44 Syscall 9:link denied
2009-10-05 21:37:44 Syscall 9:link denied
2009-10-05 21:37:44 Syscall 10:unlink denied
2009-10-05 21:37:44 Syscall 10:unlink denied
2009-10-05 21:37:44 Syscall 9:link denied
2009-10-05 21:37:44 Syscall 9:link denied
2009-10-05 21:37:44 Syscall 3:read denied
2009-10-05 21:37:44 Syscall 3:read denied
2009-10-05 21:37:44 Syscall 2:fork denied
2009-10-05 21:37:44 Syscall 2:fork denied
2009-10-05 21:37:44 Syscall 0:restart_syscall denied
2009-10-05 21:37:44 Syscall 0:restart_syscall denied
2009-10-05 21:37:44 Syscall 5:open denied
2009-10-05 21:37:44 Syscall 5:open denied
2009-10-05 21:37:44 Syscall 9:link denied
2009-10-05 21:37:44 Syscall 9:link denied
2009-10-05 21:37:44 Syscall 9:link denied
2009-10-05 21:37:44 Syscall 9:link denied
2009-10-05 21:37:44 Syscall 10:unlink denied
2009-10-05 21:37:44 Syscall 10:unlink denied
2009-10-05 21:37:44 Syscall 9:link denied
2009-10-05 21:37:44 Syscall 9:link denied
2009-10-05 21:37:44 Syscall 3:read denied
2009-10-05 21:37:44 Syscall 3:read denied
2009-10-05 21:37:44 Syscall 2:fork denied
2009-10-05 21:37:44 Syscall 2:fork denied
2009-10-05 21:37:44 Syscall 0:restart_syscall denied
2009-10-05 21:37:44 Syscall 0:restart_syscall denied
2009-10-05 21:37:44 Syscall 5:open denied
2009-10-05 21:37:44 Syscall 5:open denied
2009-10-05 21:37:44 Syscall 9:link denied
2009-10-05 21:37:44 Syscall 9:link denied
2009-10-05 21:37:44 Syscall 10:unlink denied
2009-10-05 21:37:44 Syscall 10:unlink denied
2009-10-05 21:37:44 Syscall 9:link denied
2009-10-05 21:37:44 Syscall 9:link denied
2009-10-05 21:37:44 Syscall 9:link denied
2009-10-05 21:37:44 Syscall 9:link denied
2009-10-05 21:37:44 Syscall 3:read denied
2009-10-05 21:37:44 Syscall 3:read denied
2009-10-05 21:37:44 Syscall 9:link denied
2009-10-05 21:37:44 Syscall 9:link denied
2009-10-05 21:37:44 Syscall 9:link denied
2009-10-05 21:37:44 Syscall 9:link denied
2009-10-05 21:37:44 Syscall 158:sched_yield denied
2009-10-05 21:37:44 Syscall 158:sched_yield denied
2009-10-05 21:37:44 Syscall 10:unlink denied
2009-10-05 21:37:44 Syscall 10:unlink denied
2009-10-05 21:37:44 Syscall 10:unlink denied
2009-10-05 21:37:44 Syscall 10:unlink denied
2009-10-05 21:37:44 Syscall 10:unlink denied
2009-10-05 21:37:44 Syscall 10:unlink denied
2009-10-05 21:37:44 Syscall 10:unlink denied
2009-10-05 21:37:44 Syscall 10:unlink denied
2009-10-05 21:40:10 Syscall 45:brk denied
2009-10-05 21:40:10 Syscall 45:brk denied
2009-10-05 21:40:10 Syscall 33:access denied
2009-10-05 21:40:10 Syscall 33:access denied
2009-10-05 21:40:10 Syscall 5:open denied
2009-10-05 21:40:10 Syscall 5:open denied
2009-10-05 21:40:10 Syscall 197:fstat64 denied
2009-10-05 21:40:10 Syscall 197:fstat64 denied
2009-10-05 21:40:10 Syscall 192:mmap2 denied
2009-10-05 21:40:10 Syscall 192:mmap2 denied
2009-10-05 21:40:10 Syscall 6:close denied
2009-10-05 21:40:10 Syscall 6:close denied
2009-10-05 21:40:10 Syscall 5:open denied
2009-10-05 21:40:10 Syscall 5:open denied
2009-10-05 21:40:10 Syscall 3:read denied
2009-10-05 21:40:10 Syscall 3:read denied
2009-10-05 21:40:10 Syscall 192:mmap2 denied
2009-10-05 21:40:10 Syscall 192:mmap2 denied
2009-10-05 21:40:10 Syscall 197:fstat64 denied
2009-10-05 21:40:10 Syscall 197:fstat64 denied
2009-10-05 21:40:10 Syscall 192:mmap2 denied
2009-10-05 21:40:10 Syscall 192:mmap2 denied
2009-10-05 21:40:10 Syscall 192:mmap2 denied
2009-10-05 21:40:10 Syscall 192:mmap2 denied
2009-10-05 21:40:10 Syscall 192:mmap2 denied
2009-10-05 21:40:10 Syscall 192:mmap2 denied
2009-10-05 21:40:10 Syscall 6:close denied
2009-10-05 21:40:10 Syscall 6:close denied
2009-10-05 21:40:10 Syscall 5:open denied
2009-10-05 21:40:10 Syscall 5:open denied
2009-10-05 21:40:10 Syscall 3:read denied
2009-10-05 21:40:10 Syscall 3:read denied
2009-10-05 21:40:10 Syscall 197:fstat64 denied
2009-10-05 21:40:10 Syscall 197:fstat64 denied
2009-10-05 21:40:10 Syscall 192:mmap2 denied
2009-10-05 21:40:10 Syscall 192:mmap2 denied
2009-10-05 21:40:10 Syscall 192:mmap2 denied
2009-10-05 21:40:10 Syscall 192:mmap2 denied
2009-10-05 21:40:10 Syscall 6:close denied
2009-10-05 21:40:10 Syscall 6:close denied
2009-10-05 21:40:10 Syscall 5:open denied
2009-10-05 21:40:10 Syscall 5:open denied
2009-10-05 21:40:10 Syscall 3:read denied
2009-10-05 21:40:10 Syscall 3:read denied
2009-10-05 21:40:10 Syscall 197:fstat64 denied
2009-10-05 21:40:10 Syscall 197:fstat64 denied
2009-10-05 21:40:10 Syscall 192:mmap2 denied
2009-10-05 21:40:10 Syscall 192:mmap2 denied
2009-10-05 21:40:10 Syscall 192:mmap2 denied
2009-10-05 21:40:10 Syscall 192:mmap2 denied
2009-10-05 21:40:10 Syscall 6:close denied
2009-10-05 21:40:10 Syscall 6:close denied
2009-10-05 21:40:10 Syscall 5:open denied
2009-10-05 21:40:10 Syscall 5:open denied
2009-10-05 21:40:10 Syscall 3:read denied
2009-10-05 21:40:10 Syscall 3:read denied
2009-10-05 21:40:10 Syscall 197:fstat64 denied
2009-10-05 21:40:10 Syscall 197:fstat64 denied
2009-10-05 21:40:10 Syscall 192:mmap2 denied
2009-10-05 21:40:10 Syscall 192:mmap2 denied
2009-10-05 21:40:10 Syscall 192:mmap2 denied
2009-10-05 21:40:10 Syscall 192:mmap2 denied
2009-10-05 21:40:10 Syscall 192:mmap2 denied
2009-10-05 21:40:10 Syscall 192:mmap2 denied
2009-10-05 21:40:10 Syscall 6:close denied
2009-10-05 21:40:10 Syscall 6:close denied
2009-10-05 21:40:10 Syscall 192:mmap2 denied
2009-10-05 21:40:10 Syscall 192:mmap2 denied
2009-10-05 21:40:10 Syscall 192:mmap2 denied
2009-10-05 21:40:10 Syscall 192:mmap2 denied
2009-10-05 21:40:10 Syscall 243:set_thread_area denied
2009-10-05 21:40:10 Syscall 243:set_thread_area denied
2009-10-05 21:40:10 Syscall 125:mprotect denied
2009-10-05 21:40:10 Syscall 125:mprotect denied
2009-10-05 21:40:10 Syscall 125:mprotect denied
2009-10-05 21:40:10 Syscall 125:mprotect denied
2009-10-05 21:40:10 Syscall 125:mprotect denied
2009-10-05 21:40:10 Syscall 125:mprotect denied
2009-10-05 21:40:10 Syscall 125:mprotect denied
2009-10-05 21:40:10 Syscall 125:mprotect denied
2009-10-05 21:40:10 Syscall 91:munmap denied
2009-10-05 21:40:10 Syscall 91:munmap denied
2009-10-05 21:40:10 Syscall 45:brk denied
2009-10-05 21:40:10 Syscall 45:brk denied
2009-10-05 21:40:10 Syscall 45:brk denied
2009-10-05 21:40:10 Syscall 45:brk denied
2009-10-05 21:40:10 Syscall 197:fstat64 denied
2009-10-05 21:40:10 Syscall 197:fstat64 denied
2009-10-05 21:40:10 Syscall 192:mmap2 denied
2009-10-05 21:40:10 Syscall 192:mmap2 denied
2009-10-05 21:40:10 Syscall 4:write denied
2009-10-05 21:40:10 Syscall 4:write denied
2009-10-05 21:40:10 Syscall 4:write denied
2009-10-05 21:40:10 Syscall 4:write denied
2009-10-05 21:40:10 execve called and target is /usr/bin/ls
2009-10-05 21:51:41 Syscall 33:access denied
2009-10-05 21:51:41 Syscall 33:access denied
2009-10-05 21:51:41 Syscall 5:open denied
2009-10-05 21:51:41 Syscall 5:open denied
2009-10-05 21:51:41 Syscall 197:fstat64 denied
2009-10-05 21:51:41 Syscall 197:fstat64 denied
2009-10-05 21:51:41 Syscall 192:mmap2 denied
2009-10-05 21:51:41 Syscall 192:mmap2 denied
2009-10-05 21:51:41 Syscall 5:open denied
2009-10-05 21:51:41 Syscall 5:open denied
2009-10-05 21:51:41 Syscall 192:mmap2 denied
2009-10-05 21:51:41 Syscall 192:mmap2 denied
2009-10-05 21:51:41 Syscall 197:fstat64 denied
2009-10-05 21:51:41 Syscall 197:fstat64 denied
2009-10-05 21:51:41 Syscall 192:mmap2 denied
2009-10-05 21:51:41 Syscall 192:mmap2 denied
2009-10-05 21:51:41 Syscall 192:mmap2 denied
2009-10-05 21:51:41 Syscall 192:mmap2 denied
2009-10-05 21:51:41 Syscall 192:mmap2 denied
2009-10-05 21:51:41 Syscall 192:mmap2 denied
2009-10-05 21:51:41 Syscall 5:open denied
2009-10-05 21:51:41 Syscall 5:open denied
2009-10-05 21:51:41 Syscall 197:fstat64 denied
2009-10-05 21:51:41 Syscall 197:fstat64 denied
2009-10-05 21:51:41 Syscall 192:mmap2 denied
2009-10-05 21:51:41 Syscall 192:mmap2 denied
2009-10-05 21:51:41 Syscall 192:mmap2 denied
2009-10-05 21:51:41 Syscall 192:mmap2 denied
2009-10-05 21:51:41 Syscall 5:open denied
2009-10-05 21:51:41 Syscall 5:open denied
2009-10-05 21:51:41 Syscall 197:fstat64 denied
2009-10-05 21:51:41 Syscall 197:fstat64 denied
2009-10-05 21:51:41 Syscall 192:mmap2 denied
2009-10-05 21:51:41 Syscall 192:mmap2 denied
2009-10-05 21:51:41 Syscall 192:mmap2 denied
2009-10-05 21:51:41 Syscall 192:mmap2 denied
2009-10-05 21:51:41 Syscall 5:open denied
2009-10-05 21:51:41 Syscall 5:open denied
2009-10-05 21:51:41 Syscall 197:fstat64 denied
2009-10-05 21:51:41 Syscall 197:fstat64 denied
2009-10-05 21:51:41 Syscall 192:mmap2 denied
2009-10-05 21:51:41 Syscall 192:mmap2 denied
2009-10-05 21:51:41 Syscall 192:mmap2 denied
2009-10-05 21:51:41 Syscall 192:mmap2 denied
2009-10-05 21:51:41 Syscall 192:mmap2 denied
2009-10-05 21:51:41 Syscall 192:mmap2 denied
2009-10-05 21:51:41 Syscall 192:mmap2 denied
2009-10-05 21:51:41 Syscall 192:mmap2 denied
2009-10-05 21:51:41 Syscall 192:mmap2 denied
2009-10-05 21:51:41 Syscall 192:mmap2 denied
2009-10-05 21:51:41 Syscall 243:set_thread_area denied
2009-10-05 21:51:41 Syscall 243:set_thread_area denied
2009-10-05 21:51:41 Syscall 125:mprotect denied
2009-10-05 21:51:41 Syscall 125:mprotect denied
2009-10-05 21:51:41 Syscall 125:mprotect denied
2009-10-05 21:51:41 Syscall 125:mprotect denied
2009-10-05 21:51:41 Syscall 125:mprotect denied
2009-10-05 21:51:41 Syscall 125:mprotect denied
2009-10-05 21:51:41 Syscall 125:mprotect denied
2009-10-05 21:51:41 Syscall 125:mprotect denied
2009-10-05 21:51:41 Syscall 91:munmap denied
2009-10-05 21:51:41 Syscall 91:munmap denied
2009-10-05 21:51:41 Syscall 197:fstat64 denied
2009-10-05 21:51:41 Syscall 197:fstat64 denied
2009-10-05 21:51:41 Syscall 192:mmap2 denied
2009-10-05 21:51:41 Syscall 192:mmap2 denied
2009-10-05 21:51:41 execve called and target is /usr/bin/ls
2009-10-05 21:57:42 Syscall 33:access denied
2009-10-05 21:57:42 Syscall 5:open denied
2009-10-05 21:57:42 Syscall 197:fstat64 denied
2009-10-05 21:57:42 Syscall 192:mmap2 denied
2009-10-05 21:57:42 Syscall 5:open denied
2009-10-05 21:57:42 Syscall 192:mmap2 denied
2009-10-05 21:57:42 Syscall 197:fstat64 denied
2009-10-05 21:57:42 Syscall 192:mmap2 denied
2009-10-05 21:57:42 Syscall 192:mmap2 denied
2009-10-05 21:57:42 Syscall 192:mmap2 denied
2009-10-05 21:57:42 Syscall 5:open denied
2009-10-05 21:57:42 Syscall 197:fstat64 denied
2009-10-05 21:57:42 Syscall 192:mmap2 denied
2009-10-05 21:57:42 Syscall 192:mmap2 denied
2009-10-05 21:57:42 Syscall 5:open denied
2009-10-05 21:57:42 Syscall 197:fstat64 denied
2009-10-05 21:57:42 Syscall 192:mmap2 denied
2009-10-05 21:57:42 Syscall 192:mmap2 denied
2009-10-05 21:57:42 Syscall 5:open denied
2009-10-05 21:57:42 Syscall 197:fstat64 denied
2009-10-05 21:57:42 Syscall 192:mmap2 denied
2009-10-05 21:57:42 Syscall 192:mmap2 denied
2009-10-05 21:57:42 Syscall 192:mmap2 denied
2009-10-05 21:57:42 Syscall 192:mmap2 denied
2009-10-05 21:57:42 Syscall 192:mmap2 denied
2009-10-05 21:57:42 Syscall 243:set_thread_area denied
2009-10-05 21:57:42 Syscall 125:mprotect denied
2009-10-05 21:57:42 Syscall 125:mprotect denied
2009-10-05 21:57:42 Syscall 125:mprotect denied
2009-10-05 21:57:42 Syscall 125:mprotect denied
2009-10-05 21:57:42 Syscall 91:munmap denied
2009-10-05 21:57:42 Syscall 197:fstat64 denied
2009-10-05 21:57:42 Syscall 192:mmap2 denied
2009-10-05 21:57:42 Child terminated normally.
2009-10-06 14:30:47 Syscall 5:open denied
2009-10-06 14:30:47 Syscall 192:mmap2 denied
2009-10-06 14:30:47 Syscall 5:open denied
2009-10-06 14:30:47 Syscall 192:mmap2 denied
2009-10-06 14:30:47 Syscall 192:mmap2 denied
2009-10-06 14:30:47 Syscall 192:mmap2 denied
2009-10-06 14:30:47 Syscall 192:mmap2 denied
2009-10-06 14:30:47 Syscall 5:open denied
2009-10-06 14:30:47 Syscall 192:mmap2 denied
2009-10-06 14:30:47 Syscall 192:mmap2 denied
2009-10-06 14:30:47 Syscall 5:open denied
2009-10-06 14:30:47 Syscall 192:mmap2 denied
2009-10-06 14:30:47 Syscall 192:mmap2 denied
2009-10-06 14:30:47 Syscall 5:open denied
2009-10-06 14:30:47 Syscall 192:mmap2 denied
2009-10-06 14:30:47 Syscall 192:mmap2 denied
2009-10-06 14:30:47 Syscall 192:mmap2 denied
2009-10-06 14:30:47 Syscall 192:mmap2 denied
2009-10-06 14:30:47 Syscall 192:mmap2 denied
2009-10-06 14:30:47 Syscall 243:set_thread_area denied
2009-10-06 14:30:47 Syscall 125:mprotect denied
2009-10-06 14:30:47 Syscall 125:mprotect denied
2009-10-06 14:30:47 Syscall 125:mprotect denied
2009-10-06 14:30:47 Syscall 125:mprotect denied
2009-10-06 14:30:47 Syscall 91:munmap denied
2009-10-06 14:30:47 Syscall 192:mmap2 denied
2009-10-06 14:30:47 Child terminated normally.
2009-10-06 14:31:36 Syscall 5:open denied
2009-10-06 14:31:36 Syscall 192:mmap2 denied
2009-10-06 14:31:36 Syscall 5:open denied
2009-10-06 14:31:36 Syscall 192:mmap2 denied
2009-10-06 14:31:36 Syscall 192:mmap2 denied
2009-10-06 14:31:36 Syscall 192:mmap2 denied
2009-10-06 14:31:36 Syscall 192:mmap2 denied
2009-10-06 14:31:36 Syscall 5:open denied
2009-10-06 14:31:36 Syscall 192:mmap2 denied
2009-10-06 14:31:36 Syscall 192:mmap2 denied
2009-10-06 14:31:36 Syscall 5:open denied
2009-10-06 14:31:36 Syscall 192:mmap2 denied
2009-10-06 14:31:36 Syscall 192:mmap2 denied
2009-10-06 14:31:36 Syscall 5:open denied
2009-10-06 14:31:36 Syscall 192:mmap2 denied
2009-10-06 14:31:36 Syscall 192:mmap2 denied
2009-10-06 14:31:36 Syscall 192:mmap2 denied
2009-10-06 14:31:36 Syscall 192:mmap2 denied
2009-10-06 14:31:36 Syscall 192:mmap2 denied
2009-10-06 14:31:36 Syscall 243:set_thread_area denied
2009-10-06 14:31:36 Syscall 125:mprotect denied
2009-10-06 14:31:36 Syscall 125:mprotect denied
2009-10-06 14:31:36 Syscall 125:mprotect denied
2009-10-06 14:31:36 Syscall 125:mprotect denied
2009-10-06 14:31:36 Syscall 91:munmap denied
2009-10-06 14:31:36 Syscall 192:mmap2 denied
2009-10-06 14:31:36 Child terminated normally.
2009-10-06 14:31:49 Syscall 5:open denied
2009-10-06 14:31:49 Syscall 192:mmap2 denied
2009-10-06 14:31:49 Syscall 5:open denied
2009-10-06 14:31:49 Syscall 192:mmap2 denied
2009-10-06 14:31:49 Syscall 192:mmap2 denied
2009-10-06 14:31:49 Syscall 192:mmap2 denied
2009-10-06 14:31:49 Syscall 192:mmap2 denied
2009-10-06 14:31:49 Syscall 5:open denied
2009-10-06 14:31:49 Syscall 192:mmap2 denied
2009-10-06 14:31:49 Syscall 192:mmap2 denied
2009-10-06 14:31:49 Syscall 5:open denied
2009-10-06 14:31:49 Syscall 192:mmap2 denied
2009-10-06 14:31:49 Syscall 192:mmap2 denied
2009-10-06 14:31:49 Syscall 5:open denied
2009-10-06 14:31:49 Syscall 192:mmap2 denied
2009-10-06 14:31:49 Syscall 192:mmap2 denied
2009-10-06 14:31:49 Syscall 192:mmap2 denied
2009-10-06 14:31:49 Syscall 192:mmap2 denied
2009-10-06 14:31:49 Syscall 192:mmap2 denied
2009-10-06 14:31:49 Syscall 243:set_thread_area denied
2009-10-06 14:31:49 Syscall 125:mprotect denied
2009-10-06 14:31:49 Syscall 125:mprotect denied
2009-10-06 14:31:49 Syscall 125:mprotect denied
2009-10-06 14:31:49 Syscall 125:mprotect denied
2009-10-06 14:31:49 Syscall 91:munmap denied
2009-10-06 14:31:49 Syscall 192:mmap2 denied
2009-10-06 14:31:49 Child terminated normally.
2009-10-06 15:18:58 Syscall 5:open denied
2009-10-06 15:18:58 Syscall 192:mmap2 denied
2009-10-06 15:18:58 Syscall 5:open denied
2009-10-06 15:18:58 Syscall 192:mmap2 denied
2009-10-06 15:18:58 Syscall 192:mmap2 denied
2009-10-06 15:18:58 Syscall 192:mmap2 denied
2009-10-06 15:18:58 Syscall 192:mmap2 denied
2009-10-06 15:18:58 Syscall 5:open denied
2009-10-06 15:18:58 Syscall 192:mmap2 denied
2009-10-06 15:18:58 Syscall 192:mmap2 denied
2009-10-06 15:18:58 Syscall 5:open denied
2009-10-06 15:18:58 Syscall 192:mmap2 denied
2009-10-06 15:18:58 Syscall 192:mmap2 denied
2009-10-06 15:18:58 Syscall 5:open denied
2009-10-06 15:18:58 Syscall 192:mmap2 denied
2009-10-06 15:18:58 Syscall 192:mmap2 denied
2009-10-06 15:18:58 Syscall 192:mmap2 denied
2009-10-06 15:18:58 Syscall 192:mmap2 denied
2009-10-06 15:18:58 Syscall 192:mmap2 denied
2009-10-06 15:18:58 Syscall 243:set_thread_area denied
2009-10-06 15:18:58 Syscall 125:mprotect denied
2009-10-06 15:18:58 Syscall 125:mprotect denied
2009-10-06 15:18:58 Syscall 125:mprotect denied
2009-10-06 15:18:58 Syscall 125:mprotect denied
2009-10-06 15:18:58 Syscall 91:munmap denied
2009-10-06 15:18:58 Syscall 192:mmap2 denied
2009-10-06 15:18:58 Child terminated normally.
2009-10-06 15:20:31 Peek data from child failed. No such process
2009-10-06 15:20:31 Peek data from child failed. No such process
2009-10-06 15:20:31 Opening file "" with flags O_APPEND|O_ASYNC|O_CLOEXEC|O_CREAT|O_DIRECT|O_DIRECTORY|O_EXCL|O_LARGEFILE|O_NOATIME|O_NOCTTY|O_NOFOLLOW|O_NOBLOCK|O_NDELAY|O_SYNC|O_TRUNC|
2009-10-06 15:20:31 Peek data from child failed. No such process
2009-10-06 15:20:31 Peek data from child failed. No such process
2009-10-06 15:20:31 Opening file "" with flags O_APPEND|O_ASYNC|O_CLOEXEC|O_CREAT|O_DIRECT|O_DIRECTORY|O_EXCL|O_LARGEFILE|O_NOATIME|O_NOCTTY|O_NOFOLLOW|O_NOBLOCK|O_NDELAY|O_SYNC|O_TRUNC|
2009-10-06 15:20:31 Syscall 192:mmap2 denied
2009-10-06 15:20:31 Peek data from child failed. No such process
2009-10-06 15:20:31 Peek data from child failed. No such process
2009-10-06 15:20:31 Opening file "" with flags O_APPEND|O_ASYNC|O_CLOEXEC|O_CREAT|O_DIRECT|O_DIRECTORY|O_EXCL|O_LARGEFILE|O_NOATIME|O_NOCTTY|O_NOFOLLOW|O_NOBLOCK|O_NDELAY|O_SYNC|O_TRUNC|
2009-10-06 15:20:31 Peek data from child failed. No such process
2009-10-06 15:20:31 Peek data from child failed. No such process
2009-10-06 15:20:31 Opening file "" with flags O_APPEND|O_ASYNC|O_CLOEXEC|O_CREAT|O_DIRECT|O_DIRECTORY|O_EXCL|O_LARGEFILE|O_NOATIME|O_NOCTTY|O_NOFOLLOW|O_NOBLOCK|O_NDELAY|O_SYNC|O_TRUNC|
2009-10-06 15:20:31 Syscall 192:mmap2 denied
2009-10-06 15:20:31 Syscall 192:mmap2 denied
2009-10-06 15:20:31 Syscall 192:mmap2 denied
2009-10-06 15:20:31 Syscall 192:mmap2 denied
2009-10-06 15:20:31 Peek data from child failed. No such process
2009-10-06 15:20:31 Peek data from child failed. No such process
2009-10-06 15:20:31 Opening file "" with flags O_APPEND|O_ASYNC|O_CLOEXEC|O_CREAT|O_DIRECT|O_DIRECTORY|O_EXCL|O_LARGEFILE|O_NOATIME|O_NOCTTY|O_NOFOLLOW|O_NOBLOCK|O_NDELAY|O_SYNC|O_TRUNC|
2009-10-06 15:20:31 Peek data from child failed. No such process
2009-10-06 15:20:31 Peek data from child failed. No such process
2009-10-06 15:20:31 Opening file "" with flags O_APPEND|O_ASYNC|O_CLOEXEC|O_CREAT|O_DIRECT|O_DIRECTORY|O_EXCL|O_LARGEFILE|O_NOATIME|O_NOCTTY|O_NOFOLLOW|O_NOBLOCK|O_NDELAY|O_SYNC|O_TRUNC|
2009-10-06 15:20:31 Syscall 192:mmap2 denied
2009-10-06 15:20:31 Syscall 192:mmap2 denied
2009-10-06 15:20:31 Peek data from child failed. No such process
2009-10-06 15:20:31 Peek data from child failed. No such process
2009-10-06 15:20:31 Opening file "" with flags O_APPEND|O_ASYNC|O_CLOEXEC|O_CREAT|O_DIRECT|O_DIRECTORY|O_EXCL|O_LARGEFILE|O_NOATIME|O_NOCTTY|O_NOFOLLOW|O_NOBLOCK|O_NDELAY|O_SYNC|O_TRUNC|
2009-10-06 15:20:31 Peek data from child failed. No such process
2009-10-06 15:20:31 Peek data from child failed. No such process
2009-10-06 15:20:31 Opening file "" with flags O_APPEND|O_ASYNC|O_CLOEXEC|O_CREAT|O_DIRECT|O_DIRECTORY|O_EXCL|O_LARGEFILE|O_NOATIME|O_NOCTTY|O_NOFOLLOW|O_NOBLOCK|O_NDELAY|O_SYNC|O_TRUNC|
2009-10-06 15:20:31 Syscall 192:mmap2 denied
2009-10-06 15:20:31 Syscall 192:mmap2 denied
2009-10-06 15:20:31 Peek data from child failed. No such process
2009-10-06 15:20:31 Peek data from child failed. No such process
2009-10-06 15:20:31 Opening file "" with flags O_APPEND|O_ASYNC|O_CLOEXEC|O_CREAT|O_DIRECT|O_DIRECTORY|O_EXCL|O_LARGEFILE|O_NOATIME|O_NOCTTY|O_NOFOLLOW|O_NOBLOCK|O_NDELAY|O_SYNC|O_TRUNC|
2009-10-06 15:20:31 Peek data from child failed. No such process
2009-10-06 15:20:31 Peek data from child failed. No such process
2009-10-06 15:20:31 Opening file "" with flags O_APPEND|O_ASYNC|O_CLOEXEC|O_CREAT|O_DIRECT|O_DIRECTORY|O_EXCL|O_LARGEFILE|O_NOATIME|O_NOCTTY|O_NOFOLLOW|O_NOBLOCK|O_NDELAY|O_SYNC|O_TRUNC|
2009-10-06 15:20:31 Syscall 192:mmap2 denied
2009-10-06 15:20:31 Syscall 192:mmap2 denied
2009-10-06 15:20:31 Syscall 192:mmap2 denied
2009-10-06 15:20:31 Syscall 192:mmap2 denied
2009-10-06 15:20:31 Syscall 192:mmap2 denied
2009-10-06 15:20:31 Syscall 243:set_thread_area denied
2009-10-06 15:20:31 Syscall 125:mprotect denied
2009-10-06 15:20:31 Syscall 125:mprotect denied
2009-10-06 15:20:31 Syscall 125:mprotect denied
2009-10-06 15:20:31 Syscall 125:mprotect denied
2009-10-06 15:20:31 Syscall 91:munmap denied
2009-10-06 15:20:31 Syscall 192:mmap2 denied
2009-10-06 15:20:31 Child terminated normally.
2009-10-06 15:36:24 OpenSyscallRule::IsAllowed: Peek data from child failed. Input/output error
2009-10-06 15:36:24 Opening file "/etc/ld.so.cache" with flags O_APPEND|O_ASYNC|O_CLOEXEC|O_CREAT|O_DIRECT|O_DIRECTORY|O_EXCL|O_LARGEFILE|O_NOATIME|O_NOCTTY|O_NOFOLLOW|O_NOBLOCK|O_NDELAY|O_SYNC|O_TRUNC|
2009-10-06 15:36:24 OpenSyscallRule::IsAllowed: Peek data from child failed. Input/output error
2009-10-06 15:36:24 Opening file "/etc/ld.so.cache" with flags O_APPEND|O_ASYNC|O_CLOEXEC|O_CREAT|O_DIRECT|O_DIRECTORY|O_EXCL|O_LARGEFILE|O_NOATIME|O_NOCTTY|O_NOFOLLOW|O_NOBLOCK|O_NDELAY|O_SYNC|O_TRUNC|
2009-10-06 15:36:24 Syscall 192:mmap2 denied
2009-10-06 15:36:24 OpenSyscallRule::IsAllowed: Peek data from child failed. Input/output error
2009-10-06 15:36:24 Opening file "/usr/lib/libstdc++.so.6" with flags O_APPEND|O_ASYNC|O_CLOEXEC|O_CREAT|O_DIRECT|O_DIRECTORY|O_EXCL|O_LARGEFILE|O_NOATIME|O_NOCTTY|O_NOFOLLOW|O_NOBLOCK|O_NDELAY|O_SYNC|O_TRUNC|
2009-10-06 15:36:24 OpenSyscallRule::IsAllowed: Peek data from child failed. Input/output error
2009-10-06 15:36:24 Opening file "/usr/lib/libstdc++.so.6" with flags O_APPEND|O_ASYNC|O_CLOEXEC|O_CREAT|O_DIRECT|O_DIRECTORY|O_EXCL|O_LARGEFILE|O_NOATIME|O_NOCTTY|O_NOFOLLOW|O_NOBLOCK|O_NDELAY|O_SYNC|O_TRUNC|
2009-10-06 15:36:24 Syscall 192:mmap2 denied
2009-10-06 15:36:24 Syscall 192:mmap2 denied
2009-10-06 15:36:24 Syscall 192:mmap2 denied
2009-10-06 15:36:24 Syscall 192:mmap2 denied
2009-10-06 15:36:24 OpenSyscallRule::IsAllowed: Peek data from child failed. Input/output error
2009-10-06 15:36:24 Opening file "/lib/libm.so.6" with flags O_APPEND|O_ASYNC|O_CLOEXEC|O_CREAT|O_DIRECT|O_DIRECTORY|O_EXCL|O_LARGEFILE|O_NOATIME|O_NOCTTY|O_NOFOLLOW|O_NOBLOCK|O_NDELAY|O_SYNC|O_TRUNC|
2009-10-06 15:36:24 OpenSyscallRule::IsAllowed: Peek data from child failed. Input/output error
2009-10-06 15:36:24 Opening file "/lib/libm.so.6" with flags O_APPEND|O_ASYNC|O_CLOEXEC|O_CREAT|O_DIRECT|O_DIRECTORY|O_EXCL|O_LARGEFILE|O_NOATIME|O_NOCTTY|O_NOFOLLOW|O_NOBLOCK|O_NDELAY|O_SYNC|O_TRUNC|
2009-10-06 15:36:24 Syscall 192:mmap2 denied
2009-10-06 15:36:24 Syscall 192:mmap2 denied
2009-10-06 15:36:24 OpenSyscallRule::IsAllowed: Peek data from child failed. Input/output error
2009-10-06 15:36:24 Opening file "/lib/libgcc_s.so.1" with flags O_APPEND|O_ASYNC|O_CLOEXEC|O_CREAT|O_DIRECT|O_DIRECTORY|O_EXCL|O_LARGEFILE|O_NOATIME|O_NOCTTY|O_NOFOLLOW|O_NOBLOCK|O_NDELAY|O_SYNC|O_TRUNC|
2009-10-06 15:36:24 OpenSyscallRule::IsAllowed: Peek data from child failed. Input/output error
2009-10-06 15:36:24 Opening file "/lib/libgcc_s.so.1" with flags O_APPEND|O_ASYNC|O_CLOEXEC|O_CREAT|O_DIRECT|O_DIRECTORY|O_EXCL|O_LARGEFILE|O_NOATIME|O_NOCTTY|O_NOFOLLOW|O_NOBLOCK|O_NDELAY|O_SYNC|O_TRUNC|
2009-10-06 15:36:24 Syscall 192:mmap2 denied
2009-10-06 15:36:24 Syscall 192:mmap2 denied
2009-10-06 15:36:24 OpenSyscallRule::IsAllowed: Peek data from child failed. Input/output error
2009-10-06 15:36:24 Opening file "/lib/libc.so.6" with flags O_APPEND|O_ASYNC|O_CLOEXEC|O_CREAT|O_DIRECT|O_DIRECTORY|O_EXCL|O_LARGEFILE|O_NOATIME|O_NOCTTY|O_NOFOLLOW|O_NOBLOCK|O_NDELAY|O_SYNC|O_TRUNC|
2009-10-06 15:36:24 OpenSyscallRule::IsAllowed: Peek data from child failed. Input/output error
2009-10-06 15:36:24 Opening file "/lib/libc.so.6" with flags O_APPEND|O_ASYNC|O_CLOEXEC|O_CREAT|O_DIRECT|O_DIRECTORY|O_EXCL|O_LARGEFILE|O_NOATIME|O_NOCTTY|O_NOFOLLOW|O_NOBLOCK|O_NDELAY|O_SYNC|O_TRUNC|
2009-10-06 15:36:24 Syscall 192:mmap2 denied
2009-10-06 15:36:24 Syscall 192:mmap2 denied
2009-10-06 15:36:24 Syscall 192:mmap2 denied
2009-10-06 15:36:24 Syscall 192:mmap2 denied
2009-10-06 15:36:24 Syscall 192:mmap2 denied
2009-10-06 15:36:24 Syscall 243:set_thread_area denied
2009-10-06 15:36:24 Syscall 125:mprotect denied
2009-10-06 15:36:24 Syscall 125:mprotect denied
2009-10-06 15:36:24 Syscall 125:mprotect denied
2009-10-06 15:36:24 Syscall 125:mprotect denied
2009-10-06 15:36:24 Syscall 91:munmap denied
2009-10-06 15:36:24 Syscall 192:mmap2 denied
2009-10-06 15:36:24 Child terminated normally.
2009-10-06 15:38:41 OpenSyscallRule::IsAllowed: Peek flags from child failed. Input/output error
2009-10-06 15:38:41 Opening file "/etc/ld.so.cache" with flags O_APPEND|O_ASYNC|O_CLOEXEC|O_CREAT|O_DIRECT|O_DIRECTORY|O_EXCL|O_LARGEFILE|O_NOATIME|O_NOCTTY|O_NOFOLLOW|O_NOBLOCK|O_NDELAY|O_SYNC|O_TRUNC|
2009-10-06 15:38:41 OpenSyscallRule::IsAllowed: Peek flags from child failed. Input/output error
2009-10-06 15:38:41 Opening file "/etc/ld.so.cache" with flags O_APPEND|O_ASYNC|O_CLOEXEC|O_CREAT|O_DIRECT|O_DIRECTORY|O_EXCL|O_LARGEFILE|O_NOATIME|O_NOCTTY|O_NOFOLLOW|O_NOBLOCK|O_NDELAY|O_SYNC|O_TRUNC|
2009-10-06 15:38:41 Syscall 192:mmap2 denied
2009-10-06 15:38:41 OpenSyscallRule::IsAllowed: Peek flags from child failed. Input/output error
2009-10-06 15:38:41 Opening file "/usr/lib/libstdc++.so.6" with flags O_APPEND|O_ASYNC|O_CLOEXEC|O_CREAT|O_DIRECT|O_DIRECTORY|O_EXCL|O_LARGEFILE|O_NOATIME|O_NOCTTY|O_NOFOLLOW|O_NOBLOCK|O_NDELAY|O_SYNC|O_TRUNC|
2009-10-06 15:38:41 OpenSyscallRule::IsAllowed: Peek flags from child failed. Input/output error
2009-10-06 15:38:41 Opening file "/usr/lib/libstdc++.so.6" with flags O_APPEND|O_ASYNC|O_CLOEXEC|O_CREAT|O_DIRECT|O_DIRECTORY|O_EXCL|O_LARGEFILE|O_NOATIME|O_NOCTTY|O_NOFOLLOW|O_NOBLOCK|O_NDELAY|O_SYNC|O_TRUNC|
2009-10-06 15:38:41 Syscall 192:mmap2 denied
2009-10-06 15:38:41 Syscall 192:mmap2 denied
2009-10-06 15:38:41 Syscall 192:mmap2 denied
2009-10-06 15:38:41 Syscall 192:mmap2 denied
2009-10-06 15:38:41 OpenSyscallRule::IsAllowed: Peek flags from child failed. Input/output error
2009-10-06 15:38:41 Opening file "/lib/libm.so.6" with flags O_APPEND|O_ASYNC|O_CLOEXEC|O_CREAT|O_DIRECT|O_DIRECTORY|O_EXCL|O_LARGEFILE|O_NOATIME|O_NOCTTY|O_NOFOLLOW|O_NOBLOCK|O_NDELAY|O_SYNC|O_TRUNC|
2009-10-06 15:38:41 OpenSyscallRule::IsAllowed: Peek flags from child failed. Input/output error
2009-10-06 15:38:41 Opening file "/lib/libm.so.6" with flags O_APPEND|O_ASYNC|O_CLOEXEC|O_CREAT|O_DIRECT|O_DIRECTORY|O_EXCL|O_LARGEFILE|O_NOATIME|O_NOCTTY|O_NOFOLLOW|O_NOBLOCK|O_NDELAY|O_SYNC|O_TRUNC|
2009-10-06 15:38:41 Syscall 192:mmap2 denied
2009-10-06 15:38:41 Syscall 192:mmap2 denied
2009-10-06 15:38:41 OpenSyscallRule::IsAllowed: Peek flags from child failed. Input/output error
2009-10-06 15:38:41 Opening file "/lib/libgcc_s.so.1" with flags O_APPEND|O_ASYNC|O_CLOEXEC|O_CREAT|O_DIRECT|O_DIRECTORY|O_EXCL|O_LARGEFILE|O_NOATIME|O_NOCTTY|O_NOFOLLOW|O_NOBLOCK|O_NDELAY|O_SYNC|O_TRUNC|
2009-10-06 15:38:41 OpenSyscallRule::IsAllowed: Peek flags from child failed. Input/output error
2009-10-06 15:38:41 Opening file "/lib/libgcc_s.so.1" with flags O_APPEND|O_ASYNC|O_CLOEXEC|O_CREAT|O_DIRECT|O_DIRECTORY|O_EXCL|O_LARGEFILE|O_NOATIME|O_NOCTTY|O_NOFOLLOW|O_NOBLOCK|O_NDELAY|O_SYNC|O_TRUNC|
2009-10-06 15:38:41 Syscall 192:mmap2 denied
2009-10-06 15:38:41 Syscall 192:mmap2 denied
2009-10-06 15:38:41 OpenSyscallRule::IsAllowed: Peek flags from child failed. Input/output error
2009-10-06 15:38:41 Opening file "/lib/libc.so.6" with flags O_APPEND|O_ASYNC|O_CLOEXEC|O_CREAT|O_DIRECT|O_DIRECTORY|O_EXCL|O_LARGEFILE|O_NOATIME|O_NOCTTY|O_NOFOLLOW|O_NOBLOCK|O_NDELAY|O_SYNC|O_TRUNC|
2009-10-06 15:38:41 OpenSyscallRule::IsAllowed: Peek flags from child failed. Input/output error
2009-10-06 15:38:41 Opening file "/lib/libc.so.6" with flags O_APPEND|O_ASYNC|O_CLOEXEC|O_CREAT|O_DIRECT|O_DIRECTORY|O_EXCL|O_LARGEFILE|O_NOATIME|O_NOCTTY|O_NOFOLLOW|O_NOBLOCK|O_NDELAY|O_SYNC|O_TRUNC|
2009-10-06 15:38:41 Syscall 192:mmap2 denied
2009-10-06 15:38:41 Syscall 192:mmap2 denied
2009-10-06 15:38:41 Syscall 192:mmap2 denied
2009-10-06 15:38:41 Syscall 192:mmap2 denied
2009-10-06 15:38:41 Syscall 192:mmap2 denied
2009-10-06 15:38:41 Syscall 243:set_thread_area denied
2009-10-06 15:38:41 Syscall 125:mprotect denied
2009-10-06 15:38:41 Syscall 125:mprotect denied
2009-10-06 15:38:41 Syscall 125:mprotect denied
2009-10-06 15:38:41 Syscall 125:mprotect denied
2009-10-06 15:38:41 Syscall 91:munmap denied
2009-10-06 15:38:41 Syscall 192:mmap2 denied
2009-10-06 15:38:41 Child terminated normally.
2009-10-06 15:39:55 Opening file "/etc/ld.so.cache" with flags O_APPEND|O_ASYNC|O_CLOEXEC|O_CREAT|O_DIRECT|O_DIRECTORY|O_EXCL|O_LARGEFILE|O_NOATIME|O_NOCTTY|O_NOFOLLOW|O_NOBLOCK|O_NDELAY|O_SYNC|O_TRUNC|
2009-10-06 15:39:55 Opening file "/etc/ld.so.cache" with flags O_APPEND|O_ASYNC|O_CLOEXEC|O_CREAT|O_DIRECT|O_DIRECTORY|O_EXCL|O_LARGEFILE|O_NOATIME|O_NOCTTY|O_NOFOLLOW|O_NOBLOCK|O_NDELAY|O_SYNC|O_TRUNC|
2009-10-06 15:39:55 Syscall 192:mmap2 denied
2009-10-06 15:39:55 Opening file "/usr/lib/libstdc++.so.6" with flags O_APPEND|O_ASYNC|O_CLOEXEC|O_CREAT|O_DIRECT|O_DIRECTORY|O_EXCL|O_LARGEFILE|O_NOATIME|O_NOCTTY|O_NOFOLLOW|O_NOBLOCK|O_NDELAY|O_SYNC|O_TRUNC|
2009-10-06 15:39:55 Opening file "/usr/lib/libstdc++.so.6" with flags O_APPEND|O_ASYNC|O_CLOEXEC|O_CREAT|O_DIRECT|O_DIRECTORY|O_EXCL|O_LARGEFILE|O_NOATIME|O_NOCTTY|O_NOFOLLOW|O_NOBLOCK|O_NDELAY|O_SYNC|O_TRUNC|
2009-10-06 15:39:55 Syscall 192:mmap2 denied
2009-10-06 15:39:55 Syscall 192:mmap2 denied
2009-10-06 15:39:55 Syscall 192:mmap2 denied
2009-10-06 15:39:55 Syscall 192:mmap2 denied
2009-10-06 15:39:55 Opening file "/lib/libm.so.6" with flags O_APPEND|O_ASYNC|O_CLOEXEC|O_CREAT|O_DIRECT|O_DIRECTORY|O_EXCL|O_LARGEFILE|O_NOATIME|O_NOCTTY|O_NOFOLLOW|O_NOBLOCK|O_NDELAY|O_SYNC|O_TRUNC|
2009-10-06 15:39:55 Opening file "/lib/libm.so.6" with flags O_APPEND|O_ASYNC|O_CLOEXEC|O_CREAT|O_DIRECT|O_DIRECTORY|O_EXCL|O_LARGEFILE|O_NOATIME|O_NOCTTY|O_NOFOLLOW|O_NOBLOCK|O_NDELAY|O_SYNC|O_TRUNC|
2009-10-06 15:39:55 Syscall 192:mmap2 denied
2009-10-06 15:39:55 Syscall 192:mmap2 denied
2009-10-06 15:39:55 Opening file "/lib/libgcc_s.so.1" with flags O_APPEND|O_ASYNC|O_CLOEXEC|O_CREAT|O_DIRECT|O_DIRECTORY|O_EXCL|O_LARGEFILE|O_NOATIME|O_NOCTTY|O_NOFOLLOW|O_NOBLOCK|O_NDELAY|O_SYNC|O_TRUNC|
2009-10-06 15:39:55 Opening file "/lib/libgcc_s.so.1" with flags O_APPEND|O_ASYNC|O_CLOEXEC|O_CREAT|O_DIRECT|O_DIRECTORY|O_EXCL|O_LARGEFILE|O_NOATIME|O_NOCTTY|O_NOFOLLOW|O_NOBLOCK|O_NDELAY|O_SYNC|O_TRUNC|
2009-10-06 15:39:55 Syscall 192:mmap2 denied
2009-10-06 15:39:55 Syscall 192:mmap2 denied
2009-10-06 15:39:55 Opening file "/lib/libc.so.6" with flags O_APPEND|O_ASYNC|O_CLOEXEC|O_CREAT|O_DIRECT|O_DIRECTORY|O_EXCL|O_LARGEFILE|O_NOATIME|O_NOCTTY|O_NOFOLLOW|O_NOBLOCK|O_NDELAY|O_SYNC|O_TRUNC|
2009-10-06 15:39:55 Opening file "/lib/libc.so.6" with flags O_APPEND|O_ASYNC|O_CLOEXEC|O_CREAT|O_DIRECT|O_DIRECTORY|O_EXCL|O_LARGEFILE|O_NOATIME|O_NOCTTY|O_NOFOLLOW|O_NOBLOCK|O_NDELAY|O_SYNC|O_TRUNC|
2009-10-06 15:39:55 Syscall 192:mmap2 denied
2009-10-06 15:39:55 Syscall 192:mmap2 denied
2009-10-06 15:39:55 Syscall 192:mmap2 denied
2009-10-06 15:39:55 Syscall 192:mmap2 denied
2009-10-06 15:39:55 Syscall 192:mmap2 denied
2009-10-06 15:39:55 Syscall 243:set_thread_area denied
2009-10-06 15:39:55 Syscall 125:mprotect denied
2009-10-06 15:39:55 Syscall 125:mprotect denied
2009-10-06 15:39:55 Syscall 125:mprotect denied
2009-10-06 15:39:55 Syscall 125:mprotect denied
2009-10-06 15:39:55 Syscall 91:munmap denied
2009-10-06 15:39:55 Syscall 192:mmap2 denied
2009-10-06 15:39:55 Child terminated normally.
2009-10-06 15:49:16 Opening file "/etc/ld.so.cache" with flags O_WRONLY|O_RDWR|O_APPEND|O_ASYNC|O_CLOEXEC|O_CREAT|O_DIRECT|O_DIRECTORY|O_EXCL|O_LARGEFILE|O_NOATIME|O_NOCTTY|O_NOFOLLOW|O_NOBLOCK|O_NDELAY|O_SYNC|O_TRUNC|
2009-10-06 15:49:16 Opening file "/etc/ld.so.cache" with flags O_WRONLY|O_RDWR|O_APPEND|O_ASYNC|O_CLOEXEC|O_CREAT|O_DIRECT|O_DIRECTORY|O_EXCL|O_LARGEFILE|O_NOATIME|O_NOCTTY|O_NOFOLLOW|O_NOBLOCK|O_NDELAY|O_SYNC|O_TRUNC|
2009-10-06 15:49:16 Syscall 192:mmap2 denied
2009-10-06 15:49:16 Opening file "/usr/lib/libstdc++.so.6" with flags O_WRONLY|O_RDWR|O_APPEND|O_ASYNC|O_CLOEXEC|O_CREAT|O_DIRECT|O_DIRECTORY|O_EXCL|O_LARGEFILE|O_NOATIME|O_NOCTTY|O_NOFOLLOW|O_NOBLOCK|O_NDELAY|O_SYNC|O_TRUNC|
2009-10-06 15:49:16 Opening file "/usr/lib/libstdc++.so.6" with flags O_WRONLY|O_RDWR|O_APPEND|O_ASYNC|O_CLOEXEC|O_CREAT|O_DIRECT|O_DIRECTORY|O_EXCL|O_LARGEFILE|O_NOATIME|O_NOCTTY|O_NOFOLLOW|O_NOBLOCK|O_NDELAY|O_SYNC|O_TRUNC|
2009-10-06 15:49:16 Syscall 192:mmap2 denied
2009-10-06 15:49:16 Syscall 192:mmap2 denied
2009-10-06 15:49:16 Syscall 192:mmap2 denied
2009-10-06 15:49:16 Syscall 192:mmap2 denied
2009-10-06 15:49:16 Opening file "/lib/libm.so.6" with flags O_WRONLY|O_RDWR|O_APPEND|O_ASYNC|O_CLOEXEC|O_CREAT|O_DIRECT|O_DIRECTORY|O_EXCL|O_LARGEFILE|O_NOATIME|O_NOCTTY|O_NOFOLLOW|O_NOBLOCK|O_NDELAY|O_SYNC|O_TRUNC|
2009-10-06 15:49:16 Opening file "/lib/libm.so.6" with flags O_WRONLY|O_RDWR|O_APPEND|O_ASYNC|O_CLOEXEC|O_CREAT|O_DIRECT|O_DIRECTORY|O_EXCL|O_LARGEFILE|O_NOATIME|O_NOCTTY|O_NOFOLLOW|O_NOBLOCK|O_NDELAY|O_SYNC|O_TRUNC|
2009-10-06 15:49:16 Syscall 192:mmap2 denied
2009-10-06 15:49:16 Syscall 192:mmap2 denied
2009-10-06 15:49:16 Opening file "/lib/libgcc_s.so.1" with flags O_WRONLY|O_RDWR|O_APPEND|O_ASYNC|O_CLOEXEC|O_CREAT|O_DIRECT|O_DIRECTORY|O_EXCL|O_LARGEFILE|O_NOATIME|O_NOCTTY|O_NOFOLLOW|O_NOBLOCK|O_NDELAY|O_SYNC|O_TRUNC|
2009-10-06 15:49:16 Opening file "/lib/libgcc_s.so.1" with flags O_WRONLY|O_RDWR|O_APPEND|O_ASYNC|O_CLOEXEC|O_CREAT|O_DIRECT|O_DIRECTORY|O_EXCL|O_LARGEFILE|O_NOATIME|O_NOCTTY|O_NOFOLLOW|O_NOBLOCK|O_NDELAY|O_SYNC|O_TRUNC|
2009-10-06 15:49:16 Syscall 192:mmap2 denied
2009-10-06 15:49:16 Syscall 192:mmap2 denied
2009-10-06 15:49:16 Opening file "/lib/libc.so.6" with flags O_WRONLY|O_RDWR|O_APPEND|O_ASYNC|O_CLOEXEC|O_CREAT|O_DIRECT|O_DIRECTORY|O_EXCL|O_LARGEFILE|O_NOATIME|O_NOCTTY|O_NOFOLLOW|O_NOBLOCK|O_NDELAY|O_SYNC|O_TRUNC|
2009-10-06 15:49:16 Opening file "/lib/libc.so.6" with flags O_WRONLY|O_RDWR|O_APPEND|O_ASYNC|O_CLOEXEC|O_CREAT|O_DIRECT|O_DIRECTORY|O_EXCL|O_LARGEFILE|O_NOATIME|O_NOCTTY|O_NOFOLLOW|O_NOBLOCK|O_NDELAY|O_SYNC|O_TRUNC|
2009-10-06 15:49:16 Syscall 192:mmap2 denied
2009-10-06 15:49:16 Syscall 192:mmap2 denied
2009-10-06 15:49:16 Syscall 192:mmap2 denied
2009-10-06 15:49:16 Syscall 192:mmap2 denied
2009-10-06 15:49:16 Syscall 192:mmap2 denied
2009-10-06 15:49:16 Syscall 243:set_thread_area denied
2009-10-06 15:49:16 Syscall 125:mprotect denied
2009-10-06 15:49:16 Syscall 125:mprotect denied
2009-10-06 15:49:16 Syscall 125:mprotect denied
2009-10-06 15:49:16 Syscall 125:mprotect denied
2009-10-06 15:49:16 Syscall 91:munmap denied
2009-10-06 15:49:16 Syscall 192:mmap2 denied
2009-10-06 15:49:16 Opening file "a.out" with flags O_RDONLY|O_WRONLY|O_RDWR|O_APPEND|O_ASYNC|O_CLOEXEC|O_CREAT|O_DIRECT|O_DIRECTORY|O_EXCL|O_LARGEFILE|O_NOATIME|O_NOCTTY|O_NOFOLLOW|O_NOBLOCK|O_NDELAY|O_SYNC|O_TRUNC|
2009-10-06 15:49:16 Opening file "a.out" with flags O_RDONLY|O_WRONLY|O_RDWR|O_APPEND|O_ASYNC|O_CLOEXEC|O_CREAT|O_DIRECT|O_DIRECTORY|O_EXCL|O_LARGEFILE|O_NOATIME|O_NOCTTY|O_NOFOLLOW|O_NOBLOCK|O_NDELAY|O_SYNC|O_TRUNC|
2009-10-06 15:49:16 Child terminated normally.
2009-10-06 16:00:40 Opening file "/etc/ld.so.cache" with flags 
2009-10-06 16:00:40 Opening file "/etc/ld.so.cache" with flags 
2009-10-06 16:00:40 Syscall 192:mmap2 denied
2009-10-06 16:00:40 Opening file "/usr/lib/libstdc++.so.6" with flags 
2009-10-06 16:00:40 Opening file "/usr/lib/libstdc++.so.6" with flags 
2009-10-06 16:00:40 Syscall 192:mmap2 denied
2009-10-06 16:00:40 Syscall 192:mmap2 denied
2009-10-06 16:00:40 Syscall 192:mmap2 denied
2009-10-06 16:00:40 Syscall 192:mmap2 denied
2009-10-06 16:00:40 Opening file "/lib/libm.so.6" with flags 
2009-10-06 16:00:40 Opening file "/lib/libm.so.6" with flags 
2009-10-06 16:00:40 Syscall 192:mmap2 denied
2009-10-06 16:00:40 Syscall 192:mmap2 denied
2009-10-06 16:00:40 Opening file "/lib/libgcc_s.so.1" with flags 
2009-10-06 16:00:40 Opening file "/lib/libgcc_s.so.1" with flags 
2009-10-06 16:00:40 Syscall 192:mmap2 denied
2009-10-06 16:00:40 Syscall 192:mmap2 denied
2009-10-06 16:00:40 Opening file "/lib/libc.so.6" with flags 
2009-10-06 16:00:40 Opening file "/lib/libc.so.6" with flags 
2009-10-06 16:00:40 Syscall 192:mmap2 denied
2009-10-06 16:00:40 Syscall 192:mmap2 denied
2009-10-06 16:00:40 Syscall 192:mmap2 denied
2009-10-06 16:00:40 Syscall 192:mmap2 denied
2009-10-06 16:00:40 Syscall 192:mmap2 denied
2009-10-06 16:00:40 Syscall 243:set_thread_area denied
2009-10-06 16:00:40 Syscall 125:mprotect denied
2009-10-06 16:00:40 Syscall 125:mprotect denied
2009-10-06 16:00:40 Syscall 125:mprotect denied
2009-10-06 16:00:40 Syscall 125:mprotect denied
2009-10-06 16:00:40 Syscall 91:munmap denied
2009-10-06 16:00:40 Syscall 192:mmap2 denied
2009-10-06 16:00:40 Opening file "a.out" with flags O_RDWR|
2009-10-06 16:00:40 Opening file "a.out" with flags O_RDWR|
2009-10-06 16:00:40 Child terminated normally.
2009-10-06 16:02:53 Opening file "/etc/ld.so.cache" with flags 
2009-10-06 16:02:53 Opening file "/etc/ld.so.cache" with flags 
2009-10-06 16:02:53 Syscall 192:mmap2 denied
2009-10-06 16:02:53 Opening file "/usr/lib/libstdc++.so.6" with flags 
2009-10-06 16:02:53 Opening file "/usr/lib/libstdc++.so.6" with flags 
2009-10-06 16:02:53 Syscall 192:mmap2 denied
2009-10-06 16:02:53 Syscall 192:mmap2 denied
2009-10-06 16:02:53 Syscall 192:mmap2 denied
2009-10-06 16:02:53 Syscall 192:mmap2 denied
2009-10-06 16:02:53 Opening file "/lib/libm.so.6" with flags 
2009-10-06 16:02:53 Opening file "/lib/libm.so.6" with flags 
2009-10-06 16:02:53 Syscall 192:mmap2 denied
2009-10-06 16:02:53 Syscall 192:mmap2 denied
2009-10-06 16:02:53 Opening file "/lib/libgcc_s.so.1" with flags 
2009-10-06 16:02:53 Opening file "/lib/libgcc_s.so.1" with flags 
2009-10-06 16:02:53 Syscall 192:mmap2 denied
2009-10-06 16:02:53 Syscall 192:mmap2 denied
2009-10-06 16:02:53 Opening file "/lib/libc.so.6" with flags 
2009-10-06 16:02:53 Opening file "/lib/libc.so.6" with flags 
2009-10-06 16:02:53 Syscall 192:mmap2 denied
2009-10-06 16:02:53 Syscall 192:mmap2 denied
2009-10-06 16:02:53 Syscall 192:mmap2 denied
2009-10-06 16:02:53 Syscall 192:mmap2 denied
2009-10-06 16:02:53 Syscall 192:mmap2 denied
2009-10-06 16:02:53 Syscall 243:set_thread_area denied
2009-10-06 16:02:53 Syscall 125:mprotect denied
2009-10-06 16:02:53 Syscall 125:mprotect denied
2009-10-06 16:02:53 Syscall 125:mprotect denied
2009-10-06 16:02:53 Syscall 125:mprotect denied
2009-10-06 16:02:53 Syscall 91:munmap denied
2009-10-06 16:02:53 Syscall 192:mmap2 denied
2009-10-06 16:02:53 Opening file "a.out" with flags O_WRONLY|O_CREAT|O_TRUNC|
2009-10-06 16:02:53 Opening file "a.out" with flags O_WRONLY|O_CREAT|O_TRUNC|
2009-10-06 16:02:53 Child terminated normally.
2009-10-06 20:48:36 Opening file "/etc/ld.so.cache" with flags 
2009-10-06 20:48:36 Opening file "/etc/ld.so.cache" with flags 
2009-10-06 20:48:36 Syscall 192:mmap2 denied
2009-10-06 20:48:36 Opening file "/usr/lib/libstdc++.so.6" with flags 
2009-10-06 20:48:36 Opening file "/usr/lib/libstdc++.so.6" with flags 
2009-10-06 20:48:36 Syscall 192:mmap2 denied
2009-10-06 20:48:36 Syscall 192:mmap2 denied
2009-10-06 20:48:36 Syscall 192:mmap2 denied
2009-10-06 20:48:36 Syscall 192:mmap2 denied
2009-10-06 20:48:36 Opening file "/lib/libm.so.6" with flags 
2009-10-06 20:48:36 Opening file "/lib/libm.so.6" with flags 
2009-10-06 20:48:36 Syscall 192:mmap2 denied
2009-10-06 20:48:36 Syscall 192:mmap2 denied
2009-10-06 20:48:36 Opening file "/lib/libgcc_s.so.1" with flags 
2009-10-06 20:48:36 Opening file "/lib/libgcc_s.so.1" with flags 
2009-10-06 20:48:36 Syscall 192:mmap2 denied
2009-10-06 20:48:36 Syscall 192:mmap2 denied
2009-10-06 20:48:36 Opening file "/lib/libc.so.6" with flags 
2009-10-06 20:48:36 Opening file "/lib/libc.so.6" with flags 
2009-10-06 20:48:36 Syscall 192:mmap2 denied
2009-10-06 20:48:36 Syscall 192:mmap2 denied
2009-10-06 20:48:36 Syscall 192:mmap2 denied
2009-10-06 20:48:36 Syscall 192:mmap2 denied
2009-10-06 20:48:36 Syscall 192:mmap2 denied
2009-10-06 20:48:36 Syscall 243:set_thread_area denied
2009-10-06 20:48:36 Syscall 125:mprotect denied
2009-10-06 20:48:36 Syscall 125:mprotect denied
2009-10-06 20:48:36 Syscall 125:mprotect denied
2009-10-06 20:48:36 Syscall 125:mprotect denied
2009-10-06 20:48:36 Syscall 91:munmap denied
2009-10-06 20:48:36 Syscall 192:mmap2 denied
2009-10-06 20:48:36 Opening file "a.out" with flags O_WRONLY|O_CREAT|O_TRUNC|
2009-10-06 20:48:36 Opening file "a.out" with flags O_WRONLY|O_CREAT|O_TRUNC|
2009-10-06 20:48:36 Child terminated normally.
2009-10-06 21:25:28 Opening file "/etc/ld.so.cache" with flags 
2009-10-06 21:25:28 Opening file "/etc/ld.so.cache" with flags 
2009-10-06 21:25:28 Syscall 192:mmap2 denied
2009-10-06 21:25:28 Opening file "/usr/lib/libstdc++.so.6" with flags 
2009-10-06 21:25:28 Opening file "/usr/lib/libstdc++.so.6" with flags 
2009-10-06 21:25:28 Syscall 192:mmap2 denied
2009-10-06 21:25:28 Syscall 192:mmap2 denied
2009-10-06 21:25:28 Syscall 192:mmap2 denied
2009-10-06 21:25:28 Syscall 192:mmap2 denied
2009-10-06 21:25:28 Opening file "/lib/libm.so.6" with flags 
2009-10-06 21:25:28 Opening file "/lib/libm.so.6" with flags 
2009-10-06 21:25:28 Syscall 192:mmap2 denied
2009-10-06 21:25:28 Syscall 192:mmap2 denied
2009-10-06 21:25:28 Opening file "/lib/libgcc_s.so.1" with flags 
2009-10-06 21:25:28 Opening file "/lib/libgcc_s.so.1" with flags 
2009-10-06 21:25:28 Syscall 192:mmap2 denied
2009-10-06 21:25:28 Syscall 192:mmap2 denied
2009-10-06 21:25:28 Opening file "/lib/libc.so.6" with flags 
2009-10-06 21:25:28 Opening file "/lib/libc.so.6" with flags 
2009-10-06 21:25:28 Syscall 192:mmap2 denied
2009-10-06 21:25:28 Syscall 192:mmap2 denied
2009-10-06 21:25:28 Syscall 192:mmap2 denied
2009-10-06 21:25:28 Syscall 192:mmap2 denied
2009-10-06 21:25:28 Syscall 192:mmap2 denied
2009-10-06 21:25:28 Syscall 243:set_thread_area denied
2009-10-06 21:25:28 Syscall 125:mprotect denied
2009-10-06 21:25:28 Syscall 125:mprotect denied
2009-10-06 21:25:28 Syscall 125:mprotect denied
2009-10-06 21:25:28 Syscall 125:mprotect denied
2009-10-06 21:25:28 Syscall 91:munmap denied
2009-10-06 21:25:28 Syscall 192:mmap2 denied
2009-10-06 21:25:28 Opening file "a.out" with flags O_WRONLY|O_CREAT|O_TRUNC|
2009-10-06 21:25:28 Opening file "a.out" with flags O_WRONLY|O_CREAT|O_TRUNC|
2009-10-06 21:25:28 Child terminated normally.
2009-10-06 21:57:01 Opening file "/etc/ld.so.cache" with flags 
2009-10-06 21:57:01 Opening file "/etc/ld.so.cache" with flags 
2009-10-06 21:57:01 Opening file "/usr/lib/libstdc++.so.6" with flags 
2009-10-06 21:57:01 Opening file "/usr/lib/libstdc++.so.6" with flags 
2009-10-06 21:57:01 Opening file "/lib/libm.so.6" with flags 
2009-10-06 21:57:01 Opening file "/lib/libm.so.6" with flags 
2009-10-06 21:57:01 Opening file "/lib/libgcc_s.so.1" with flags 
2009-10-06 21:57:01 Opening file "/lib/libgcc_s.so.1" with flags 
2009-10-06 21:57:01 Opening file "/lib/libc.so.6" with flags 
2009-10-06 21:57:01 Opening file "/lib/libc.so.6" with flags 
2009-10-06 21:57:01 Syscall 243:set_thread_area denied
2009-10-06 21:57:01 Syscall 91:munmap denied
2009-10-06 21:57:01 Opening file "a.out" with flags O_WRONLY|O_CREAT|O_TRUNC|
2009-10-06 21:57:01 Opening file "a.out" with flags O_WRONLY|O_CREAT|O_TRUNC|
2009-10-06 21:57:01 Child terminated normally.
2009-10-06 21:59:13 Opening file "/etc/ld.so.cache" with flags 
2009-10-06 21:59:13 Opening file "/etc/ld.so.cache" with flags 
2009-10-06 21:59:13 Opening file "/usr/lib/libstdc++.so.6" with flags 
2009-10-06 21:59:13 Opening file "/usr/lib/libstdc++.so.6" with flags 
2009-10-06 21:59:13 Opening file "/lib/libm.so.6" with flags 
2009-10-06 21:59:13 Opening file "/lib/libm.so.6" with flags 
2009-10-06 21:59:13 Opening file "/lib/libgcc_s.so.1" with flags 
2009-10-06 21:59:13 Opening file "/lib/libgcc_s.so.1" with flags 
2009-10-06 21:59:13 Opening file "/lib/libc.so.6" with flags 
2009-10-06 21:59:13 Opening file "/lib/libc.so.6" with flags 
2009-10-06 21:59:13 Syscall 243:set_thread_area denied
2009-10-06 21:59:13 Opening file "a.out" with flags O_WRONLY|O_CREAT|O_TRUNC|
2009-10-06 21:59:13 Opening file "a.out" with flags O_WRONLY|O_CREAT|O_TRUNC|
2009-10-06 21:59:13 Child terminated normally.
2009-10-07 14:16:17 Opening file "/etc/ld.so.cache" with flags O_RDONLY|
2009-10-07 14:16:17 Opening file "/etc/ld.so.cache" with flags O_RDONLY|
2009-10-07 14:16:17 Opening file "/usr/lib/libstdc++.so.6" with flags O_RDONLY|
2009-10-07 14:16:17 Opening file "/usr/lib/libstdc++.so.6" with flags O_RDONLY|
2009-10-07 14:16:17 Opening file "/lib/libm.so.6" with flags O_RDONLY|
2009-10-07 14:16:17 Opening file "/lib/libm.so.6" with flags O_RDONLY|
2009-10-07 14:16:17 Opening file "/lib/libgcc_s.so.1" with flags O_RDONLY|
2009-10-07 14:16:17 Opening file "/lib/libgcc_s.so.1" with flags O_RDONLY|
2009-10-07 14:16:17 Opening file "/lib/libc.so.6" with flags O_RDONLY|
2009-10-07 14:16:17 Opening file "/lib/libc.so.6" with flags O_RDONLY|
2009-10-07 14:16:17 Syscall 243:set_thread_area denied
2009-10-07 14:16:17 Opening file "a.out" with flags O_RDONLY|O_WRONLY|O_CREAT|O_TRUNC|
2009-10-07 14:16:17 Opening file "a.out" with flags O_RDONLY|O_WRONLY|O_CREAT|O_TRUNC|
2009-10-07 14:16:17 Child terminated normally.
2009-10-07 14:18:00 Opening file "/etc/ld.so.cache" with flags O_RDONLY|
2009-10-07 14:18:00 Opening file "/etc/ld.so.cache" with flags O_RDONLY|
2009-10-07 14:18:00 Opening file "/usr/lib/libstdc++.so.6" with flags O_RDONLY|
2009-10-07 14:18:00 Opening file "/usr/lib/libstdc++.so.6" with flags O_RDONLY|
2009-10-07 14:18:00 Opening file "/lib/libm.so.6" with flags O_RDONLY|
2009-10-07 14:18:00 Opening file "/lib/libm.so.6" with flags O_RDONLY|
2009-10-07 14:18:00 Opening file "/lib/libgcc_s.so.1" with flags O_RDONLY|
2009-10-07 14:18:00 Opening file "/lib/libgcc_s.so.1" with flags O_RDONLY|
2009-10-07 14:18:00 Opening file "/lib/libc.so.6" with flags O_RDONLY|
2009-10-07 14:18:00 Opening file "/lib/libc.so.6" with flags O_RDONLY|
2009-10-07 14:18:00 Syscall 243:set_thread_area denied
2009-10-07 14:18:00 Opening file "a.out" with flags O_RDONLY|O_WRONLY|O_APPEND|O_CREAT|
2009-10-07 14:18:00 Opening file "a.out" with flags O_RDONLY|O_WRONLY|O_APPEND|O_CREAT|
2009-10-07 14:18:00 Syscall 140:llseek denied
2009-10-07 14:18:00 Child terminated normally.
2009-10-07 14:18:51 Opening file "/etc/ld.so.cache" with flags O_RDONLY|
2009-10-07 14:18:51 Opening file "/etc/ld.so.cache" with flags O_RDONLY|
2009-10-07 14:18:51 Opening file "/usr/lib/libstdc++.so.6" with flags O_RDONLY|
2009-10-07 14:18:51 Opening file "/usr/lib/libstdc++.so.6" with flags O_RDONLY|
2009-10-07 14:18:51 Opening file "/lib/libm.so.6" with flags O_RDONLY|
2009-10-07 14:18:51 Opening file "/lib/libm.so.6" with flags O_RDONLY|
2009-10-07 14:18:51 Opening file "/lib/libgcc_s.so.1" with flags O_RDONLY|
2009-10-07 14:18:51 Opening file "/lib/libgcc_s.so.1" with flags O_RDONLY|
2009-10-07 14:18:51 Opening file "/lib/libc.so.6" with flags O_RDONLY|
2009-10-07 14:18:51 Opening file "/lib/libc.so.6" with flags O_RDONLY|
2009-10-07 14:18:51 Syscall 243:set_thread_area denied
2009-10-07 14:18:51 Opening file "a.out" with flags O_RDONLY|O_WRONLY|O_CREAT|O_TRUNC|
2009-10-07 14:18:51 Opening file "a.out" with flags O_RDONLY|O_WRONLY|O_CREAT|O_TRUNC|
2009-10-07 14:18:51 Child terminated normally.
2009-10-07 14:20:00 Opening file "/etc/ld.so.cache" with flags O_RDONLY|
2009-10-07 14:20:00 Opening file "/etc/ld.so.cache" with flags O_RDONLY|
2009-10-07 14:20:00 Opening file "/usr/lib/libstdc++.so.6" with flags O_RDONLY|
2009-10-07 14:20:00 Opening file "/usr/lib/libstdc++.so.6" with flags O_RDONLY|
2009-10-07 14:20:00 Opening file "/lib/libm.so.6" with flags O_RDONLY|
2009-10-07 14:20:00 Opening file "/lib/libm.so.6" with flags O_RDONLY|
2009-10-07 14:20:00 Opening file "/lib/libgcc_s.so.1" with flags O_RDONLY|
2009-10-07 14:20:00 Opening file "/lib/libgcc_s.so.1" with flags O_RDONLY|
2009-10-07 14:20:00 Opening file "/lib/libc.so.6" with flags O_RDONLY|
2009-10-07 14:20:00 Opening file "/lib/libc.so.6" with flags O_RDONLY|
2009-10-07 14:20:00 Syscall 243:set_thread_area denied
2009-10-07 14:20:00 Opening file "a.out" with flags O_RDONLY|O_WRONLY|
2009-10-07 14:20:00 Opening file "a.out" with flags O_RDONLY|O_WRONLY|
2009-10-07 14:20:00 Child terminated normally.
2009-10-07 14:40:11 Opening file "/etc/ld.so.cache" with flags O_RDONLY|
2009-10-07 14:40:11 Opening file "/etc/ld.so.cache" with flags O_RDONLY|
2009-10-07 14:40:11 Opening file "/usr/lib/libstdc++.so.6" with flags O_RDONLY|
2009-10-07 14:40:11 Opening file "/usr/lib/libstdc++.so.6" with flags O_RDONLY|
2009-10-07 14:40:11 Opening file "/lib/libm.so.6" with flags O_RDONLY|
2009-10-07 14:40:11 Opening file "/lib/libm.so.6" with flags O_RDONLY|
2009-10-07 14:40:11 Opening file "/lib/libgcc_s.so.1" with flags O_RDONLY|
2009-10-07 14:40:11 Opening file "/lib/libgcc_s.so.1" with flags O_RDONLY|
2009-10-07 14:40:11 Opening file "/lib/libc.so.6" with flags O_RDONLY|
2009-10-07 14:40:11 Opening file "/lib/libc.so.6" with flags O_RDONLY|
2009-10-07 14:40:11 Syscall 243:set_thread_area denied
2009-10-07 14:40:11 Opening file "a.out" with flags O_WRONLY|
2009-10-07 14:40:11 Opening file "a.out" with flags O_WRONLY|
2009-10-07 14:40:11 Child terminated normally.
2009-10-07 14:46:22 Opening file "/etc/ld.so.cache" with flags O_RDONLY|
2009-10-07 14:46:22 Opening file "/etc/ld.so.cache" with flags O_RDONLY|
2009-10-07 14:46:22 Opening file "/usr/lib/libstdc++.so.6" with flags O_RDONLY|
2009-10-07 14:46:22 Opening file "/usr/lib/libstdc++.so.6" with flags O_RDONLY|
2009-10-07 14:46:22 Opening file "/lib/libm.so.6" with flags O_RDONLY|
2009-10-07 14:46:22 Opening file "/lib/libm.so.6" with flags O_RDONLY|
2009-10-07 14:46:22 Opening file "/lib/libgcc_s.so.1" with flags O_RDONLY|
2009-10-07 14:46:22 Opening file "/lib/libgcc_s.so.1" with flags O_RDONLY|
2009-10-07 14:46:22 Opening file "/lib/libc.so.6" with flags O_RDONLY|
2009-10-07 14:46:22 Opening file "/lib/libc.so.6" with flags O_RDONLY|
2009-10-07 14:46:22 Opening file "a.out" with flags O_WRONLY|
2009-10-07 14:46:22 Opening file "a.out" with flags O_WRONLY|
2009-10-07 14:46:22 Child terminated normally.
2009-10-17 16:30:31 Opening file "/etc/ld.so.cache" with flags O_RDONLY|
2009-10-17 16:30:31 Opening file "/etc/ld.so.cache" with flags O_RDONLY|
2009-10-17 16:30:31 Opening file "/usr/lib/libstdc++.so.6" with flags O_RDONLY|
2009-10-17 16:30:31 Opening file "/usr/lib/libstdc++.so.6" with flags O_RDONLY|
2009-10-17 16:30:31 Opening file "/lib/libm.so.6" with flags O_RDONLY|
2009-10-17 16:30:31 Opening file "/lib/libm.so.6" with flags O_RDONLY|
2009-10-17 16:30:31 Opening file "/lib/libgcc_s.so.1" with flags O_RDONLY|
2009-10-17 16:30:31 Opening file "/lib/libgcc_s.so.1" with flags O_RDONLY|
2009-10-17 16:30:31 Opening file "/lib/libc.so.6" with flags O_RDONLY|
2009-10-17 16:30:31 Opening file "/lib/libc.so.6" with flags O_RDONLY|
2009-10-17 16:30:31 Opening file "a.out" with flags O_WRONLY|
2009-10-17 16:30:31 Opening file "a.out" with flags O_WRONLY|
2009-10-17 16:30:31 exit or exit_group called

2009-10-17 16:30:31 Child terminated normally.
